{"C:\\Users\\Yure Pires\\Documents\\UmBora\\backend\\routes\\driverRoutes.js": {"path":"C:\\Users\\Yure Pires\\Documents\\UmBora\\backend\\routes\\driverRoutes.js","statementMap":{"0":{"start":{"line":4,"column":15},"end":{"line":4,"column":31}},"1":{"start":{"line":8,"column":34},"end":{"line":85,"column":1}},"2":{"start":{"line":18,"column":6},"end":{"line":18,"column":14}},"3":{"start":{"line":20,"column":2},"end":{"line":24,"column":3}},"4":{"start":{"line":21,"column":4},"end":{"line":23,"column":7}},"5":{"start":{"line":26,"column":17},"end":{"line":26,"column":37}},"6":{"start":{"line":28,"column":2},"end":{"line":84,"column":3}},"7":{"start":{"line":29,"column":4},"end":{"line":29,"column":32}},"8":{"start":{"line":32,"column":27},"end":{"line":35,"column":5}},"9":{"start":{"line":37,"column":4},"end":{"line":42,"column":5}},"10":{"start":{"line":38,"column":6},"end":{"line":38,"column":37}},"11":{"start":{"line":39,"column":6},"end":{"line":41,"column":9}},"12":{"start":{"line":45,"column":31},"end":{"line":51,"column":5}},"13":{"start":{"line":52,"column":24},"end":{"line":52,"column":53}},"14":{"start":{"line":55,"column":4},"end":{"line":58,"column":6}},"15":{"start":{"line":60,"column":4},"end":{"line":60,"column":33}},"16":{"start":{"line":62,"column":4},"end":{"line":65,"column":7}},"17":{"start":{"line":68,"column":4},"end":{"line":68,"column":35}},"18":{"start":{"line":70,"column":4},"end":{"line":78,"column":5}},"19":{"start":{"line":71,"column":6},"end":{"line":73,"column":7}},"20":{"start":{"line":72,"column":8},"end":{"line":72,"column":81}},"21":{"start":{"line":74,"column":6},"end":{"line":76,"column":7}},"22":{"start":{"line":75,"column":8},"end":{"line":75,"column":94}},"23":{"start":{"line":77,"column":6},"end":{"line":77,"column":102}},"24":{"start":{"line":80,"column":4},"end":{"line":80,"column":57}},"25":{"start":{"line":81,"column":4},"end":{"line":81,"column":91}},"26":{"start":{"line":83,"column":4},"end":{"line":83,"column":21}},"27":{"start":{"line":89,"column":32},"end":{"line":155,"column":1}},"28":{"start":{"line":90,"column":21},"end":{"line":90,"column":31}},"29":{"start":{"line":92,"column":2},"end":{"line":154,"column":3}},"30":{"start":{"line":93,"column":19},"end":{"line":115,"column":5}},"31":{"start":{"line":117,"column":4},"end":{"line":122,"column":5}},"32":{"start":{"line":118,"column":6},"end":{"line":121,"column":9}},"33":{"start":{"line":124,"column":19},"end":{"line":124,"column":33}},"34":{"start":{"line":126,"column":4},"end":{"line":149,"column":7}},"35":{"start":{"line":152,"column":4},"end":{"line":152,"column":62}},"36":{"start":{"line":153,"column":4},"end":{"line":153,"column":67}},"37":{"start":{"line":159,"column":35},"end":{"line":258,"column":1}},"38":{"start":{"line":160,"column":21},"end":{"line":160,"column":31}},"39":{"start":{"line":168,"column":6},"end":{"line":168,"column":14}},"40":{"start":{"line":170,"column":17},"end":{"line":170,"column":37}},"41":{"start":{"line":172,"column":2},"end":{"line":257,"column":3}},"42":{"start":{"line":173,"column":4},"end":{"line":173,"column":32}},"43":{"start":{"line":176,"column":25},"end":{"line":179,"column":5}},"44":{"start":{"line":181,"column":4},"end":{"line":184,"column":5}},"45":{"start":{"line":182,"column":6},"end":{"line":182,"column":37}},"46":{"start":{"line":183,"column":6},"end":{"line":183,"column":76}},"47":{"start":{"line":186,"column":21},"end":{"line":186,"column":44}},"48":{"start":{"line":189,"column":25},"end":{"line":189,"column":27}},"49":{"start":{"line":190,"column":25},"end":{"line":190,"column":27}},"50":{"start":{"line":191,"column":21},"end":{"line":191,"column":22}},"51":{"start":{"line":193,"column":4},"end":{"line":196,"column":5}},"52":{"start":{"line":194,"column":6},"end":{"line":194,"column":63}},"53":{"start":{"line":195,"column":6},"end":{"line":195,"column":42}},"54":{"start":{"line":197,"column":4},"end":{"line":200,"column":5}},"55":{"start":{"line":198,"column":6},"end":{"line":198,"column":64}},"56":{"start":{"line":199,"column":6},"end":{"line":199,"column":43}},"57":{"start":{"line":201,"column":4},"end":{"line":204,"column":5}},"58":{"start":{"line":202,"column":6},"end":{"line":202,"column":59}},"59":{"start":{"line":203,"column":6},"end":{"line":203,"column":38}},"60":{"start":{"line":206,"column":4},"end":{"line":212,"column":5}},"61":{"start":{"line":207,"column":6},"end":{"line":207,"column":32}},"62":{"start":{"line":208,"column":6},"end":{"line":211,"column":8}},"63":{"start":{"line":215,"column":32},"end":{"line":215,"column":34}},"64":{"start":{"line":216,"column":32},"end":{"line":216,"column":34}},"65":{"start":{"line":217,"column":28},"end":{"line":217,"column":29}},"66":{"start":{"line":219,"column":4},"end":{"line":222,"column":5}},"67":{"start":{"line":220,"column":6},"end":{"line":220,"column":67}},"68":{"start":{"line":221,"column":6},"end":{"line":221,"column":39}},"69":{"start":{"line":223,"column":4},"end":{"line":226,"column":5}},"70":{"start":{"line":224,"column":6},"end":{"line":224,"column":66}},"71":{"start":{"line":225,"column":6},"end":{"line":225,"column":38}},"72":{"start":{"line":227,"column":4},"end":{"line":230,"column":5}},"73":{"start":{"line":228,"column":6},"end":{"line":228,"column":64}},"74":{"start":{"line":229,"column":6},"end":{"line":229,"column":36}},"75":{"start":{"line":232,"column":4},"end":{"line":238,"column":5}},"76":{"start":{"line":233,"column":6},"end":{"line":233,"column":41}},"77":{"start":{"line":234,"column":6},"end":{"line":237,"column":8}},"78":{"start":{"line":240,"column":4},"end":{"line":240,"column":33}},"79":{"start":{"line":242,"column":4},"end":{"line":244,"column":7}},"80":{"start":{"line":247,"column":4},"end":{"line":247,"column":35}},"81":{"start":{"line":249,"column":4},"end":{"line":251,"column":5}},"82":{"start":{"line":250,"column":6},"end":{"line":250,"column":92}},"83":{"start":{"line":253,"column":4},"end":{"line":253,"column":65}},"84":{"start":{"line":254,"column":4},"end":{"line":254,"column":67}},"85":{"start":{"line":256,"column":4},"end":{"line":256,"column":21}},"86":{"start":{"line":260,"column":0},"end":{"line":260,"column":42}},"87":{"start":{"line":261,"column":0},"end":{"line":261,"column":49}},"88":{"start":{"line":262,"column":0},"end":{"line":262,"column":52}}},"fnMap":{"0":{"name":"(anonymous_0)","decl":{"start":{"line":8,"column":34},"end":{"line":8,"column":35}},"loc":{"start":{"line":8,"column":54},"end":{"line":85,"column":1}},"line":8},"1":{"name":"(anonymous_1)","decl":{"start":{"line":89,"column":32},"end":{"line":89,"column":33}},"loc":{"start":{"line":89,"column":52},"end":{"line":155,"column":1}},"line":89},"2":{"name":"(anonymous_2)","decl":{"start":{"line":159,"column":35},"end":{"line":159,"column":36}},"loc":{"start":{"line":159,"column":55},"end":{"line":258,"column":1}},"line":159}},"branchMap":{"0":{"loc":{"start":{"line":17,"column":4},"end":{"line":17,"column":24}},"type":"default-arg","locations":[{"start":{"line":17,"column":19},"end":{"line":17,"column":24}}],"line":17},"1":{"loc":{"start":{"line":20,"column":2},"end":{"line":24,"column":3}},"type":"if","locations":[{"start":{"line":20,"column":2},"end":{"line":24,"column":3}},{"start":{},"end":{}}],"line":20},"2":{"loc":{"start":{"line":20,"column":6},"end":{"line":20,"column":50}},"type":"binary-expr","locations":[{"start":{"line":20,"column":6},"end":{"line":20,"column":13}},{"start":{"line":20,"column":17},"end":{"line":20,"column":21}},{"start":{"line":20,"column":25},"end":{"line":20,"column":32}},{"start":{"line":20,"column":36},"end":{"line":20,"column":42}},{"start":{"line":20,"column":46},"end":{"line":20,"column":50}}],"line":20},"3":{"loc":{"start":{"line":37,"column":4},"end":{"line":42,"column":5}},"type":"if","locations":[{"start":{"line":37,"column":4},"end":{"line":42,"column":5}},{"start":{},"end":{}}],"line":37},"4":{"loc":{"start":{"line":70,"column":4},"end":{"line":78,"column":5}},"type":"if","locations":[{"start":{"line":70,"column":4},"end":{"line":78,"column":5}},{"start":{},"end":{}}],"line":70},"5":{"loc":{"start":{"line":71,"column":6},"end":{"line":73,"column":7}},"type":"if","locations":[{"start":{"line":71,"column":6},"end":{"line":73,"column":7}},{"start":{},"end":{}}],"line":71},"6":{"loc":{"start":{"line":71,"column":10},"end":{"line":71,"column":58}},"type":"binary-expr","locations":[{"start":{"line":71,"column":10},"end":{"line":71,"column":24}},{"start":{"line":71,"column":28},"end":{"line":71,"column":58}}],"line":71},"7":{"loc":{"start":{"line":74,"column":6},"end":{"line":76,"column":7}},"type":"if","locations":[{"start":{"line":74,"column":6},"end":{"line":76,"column":7}},{"start":{},"end":{}}],"line":74},"8":{"loc":{"start":{"line":74,"column":10},"end":{"line":74,"column":60}},"type":"binary-expr","locations":[{"start":{"line":74,"column":10},"end":{"line":74,"column":24}},{"start":{"line":74,"column":28},"end":{"line":74,"column":60}}],"line":74},"9":{"loc":{"start":{"line":117,"column":4},"end":{"line":122,"column":5}},"type":"if","locations":[{"start":{"line":117,"column":4},"end":{"line":122,"column":5}},{"start":{},"end":{}}],"line":117},"10":{"loc":{"start":{"line":134,"column":18},"end":{"line":137,"column":16}},"type":"cond-expr","locations":[{"start":{"line":134,"column":72},"end":{"line":137,"column":9}},{"start":{"line":137,"column":12},"end":{"line":137,"column":16}}],"line":134},"11":{"loc":{"start":{"line":134,"column":18},"end":{"line":134,"column":69}},"type":"binary-expr","locations":[{"start":{"line":134,"column":18},"end":{"line":134,"column":41}},{"start":{"line":134,"column":45},"end":{"line":134,"column":69}}],"line":134},"12":{"loc":{"start":{"line":181,"column":4},"end":{"line":184,"column":5}},"type":"if","locations":[{"start":{"line":181,"column":4},"end":{"line":184,"column":5}},{"start":{},"end":{}}],"line":181},"13":{"loc":{"start":{"line":193,"column":4},"end":{"line":196,"column":5}},"type":"if","locations":[{"start":{"line":193,"column":4},"end":{"line":196,"column":5}},{"start":{},"end":{}}],"line":193},"14":{"loc":{"start":{"line":197,"column":4},"end":{"line":200,"column":5}},"type":"if","locations":[{"start":{"line":197,"column":4},"end":{"line":200,"column":5}},{"start":{},"end":{}}],"line":197},"15":{"loc":{"start":{"line":201,"column":4},"end":{"line":204,"column":5}},"type":"if","locations":[{"start":{"line":201,"column":4},"end":{"line":204,"column":5}},{"start":{},"end":{}}],"line":201},"16":{"loc":{"start":{"line":206,"column":4},"end":{"line":212,"column":5}},"type":"if","locations":[{"start":{"line":206,"column":4},"end":{"line":212,"column":5}},{"start":{},"end":{}}],"line":206},"17":{"loc":{"start":{"line":219,"column":4},"end":{"line":222,"column":5}},"type":"if","locations":[{"start":{"line":219,"column":4},"end":{"line":222,"column":5}},{"start":{},"end":{}}],"line":219},"18":{"loc":{"start":{"line":223,"column":4},"end":{"line":226,"column":5}},"type":"if","locations":[{"start":{"line":223,"column":4},"end":{"line":226,"column":5}},{"start":{},"end":{}}],"line":223},"19":{"loc":{"start":{"line":227,"column":4},"end":{"line":230,"column":5}},"type":"if","locations":[{"start":{"line":227,"column":4},"end":{"line":230,"column":5}},{"start":{},"end":{}}],"line":227},"20":{"loc":{"start":{"line":232,"column":4},"end":{"line":238,"column":5}},"type":"if","locations":[{"start":{"line":232,"column":4},"end":{"line":238,"column":5}},{"start":{},"end":{}}],"line":232},"21":{"loc":{"start":{"line":249,"column":4},"end":{"line":251,"column":5}},"type":"if","locations":[{"start":{"line":249,"column":4},"end":{"line":251,"column":5}},{"start":{},"end":{}}],"line":249},"22":{"loc":{"start":{"line":249,"column":8},"end":{"line":249,"column":82}},"type":"binary-expr","locations":[{"start":{"line":249,"column":8},"end":{"line":249,"column":28}},{"start":{"line":249,"column":32},"end":{"line":249,"column":46}},{"start":{"line":249,"column":50},"end":{"line":249,"column":82}}],"line":249}},"s":{"0":3,"1":3,"2":7,"3":7,"4":1,"5":6,"6":6,"7":6,"8":5,"9":5,"10":1,"11":1,"12":4,"13":2,"14":2,"15":1,"16":1,"17":4,"18":4,"19":3,"20":1,"21":2,"22":1,"23":1,"24":1,"25":1,"26":6,"27":3,"28":4,"29":4,"30":4,"31":3,"32":1,"33":2,"34":2,"35":1,"36":1,"37":3,"38":6,"39":6,"40":6,"41":6,"42":6,"43":5,"44":5,"45":1,"46":1,"47":4,"48":4,"49":4,"50":4,"51":4,"52":1,"53":1,"54":4,"55":1,"56":1,"57":4,"58":1,"59":1,"60":4,"61":2,"62":2,"63":4,"64":4,"65":4,"66":4,"67":1,"68":1,"69":4,"70":1,"71":1,"72":4,"73":1,"74":1,"75":4,"76":3,"77":3,"78":3,"79":3,"80":2,"81":2,"82":1,"83":1,"84":1,"85":6,"86":3,"87":3,"88":3},"f":{"0":7,"1":4,"2":6},"b":{"0":[7],"1":[1,6],"2":[7,7,6,6,6],"3":[1,4],"4":[3,1],"5":[1,2],"6":[3,3],"7":[1,1],"8":[2,2],"9":[1,2],"10":[1,1],"11":[2,1],"12":[1,4],"13":[1,3],"14":[1,3],"15":[1,3],"16":[2,2],"17":[1,3],"18":[1,3],"19":[1,3],"20":[3,1],"21":[1,1],"22":[2,1,1]},"_coverageSchema":"1a1c01bbd47fc00a2c39e90264f33305004495a9","hash":"a7d3729806882b02f05996f0745bd3f6698ff788"}
}
