{"C:\\Users\\Yure Pires\\Documents\\UmBora\\backend\\routes\\authRoutes.js": {"path":"C:\\Users\\Yure Pires\\Documents\\UmBora\\backend\\routes\\authRoutes.js","statementMap":{"0":{"start":{"line":5,"column":15},"end":{"line":5,"column":31}},"1":{"start":{"line":6,"column":19},"end":{"line":6,"column":21}},"2":{"start":{"line":8,"column":31},"end":{"line":32,"column":1}},"3":{"start":{"line":9,"column":43},"end":{"line":9,"column":51}},"4":{"start":{"line":11,"column":2},"end":{"line":13,"column":3}},"5":{"start":{"line":12,"column":4},"end":{"line":12,"column":86}},"6":{"start":{"line":14,"column":2},"end":{"line":31,"column":3}},"7":{"start":{"line":15,"column":25},"end":{"line":15,"column":64}},"8":{"start":{"line":16,"column":20},"end":{"line":19,"column":5}},"9":{"start":{"line":21,"column":4},"end":{"line":24,"column":6}},"10":{"start":{"line":26,"column":4},"end":{"line":28,"column":5}},"11":{"start":{"line":27,"column":6},"end":{"line":27,"column":77}},"12":{"start":{"line":29,"column":4},"end":{"line":29,"column":43}},"13":{"start":{"line":30,"column":4},"end":{"line":30,"column":66}},"14":{"start":{"line":34,"column":28},"end":{"line":67,"column":1}},"15":{"start":{"line":35,"column":30},"end":{"line":35,"column":38}},"16":{"start":{"line":37,"column":2},"end":{"line":39,"column":3}},"17":{"start":{"line":38,"column":4},"end":{"line":38,"column":80}},"18":{"start":{"line":41,"column":2},"end":{"line":66,"column":3}},"19":{"start":{"line":42,"column":23},"end":{"line":45,"column":5}},"20":{"start":{"line":47,"column":4},"end":{"line":49,"column":5}},"21":{"start":{"line":48,"column":6},"end":{"line":48,"column":73}},"22":{"start":{"line":51,"column":17},"end":{"line":51,"column":35}},"23":{"start":{"line":53,"column":20},"end":{"line":53,"column":70}},"24":{"start":{"line":55,"column":4},"end":{"line":57,"column":5}},"25":{"start":{"line":56,"column":6},"end":{"line":56,"column":66}},"26":{"start":{"line":59,"column":4},"end":{"line":62,"column":6}},"27":{"start":{"line":64,"column":4},"end":{"line":64,"column":40}},"28":{"start":{"line":65,"column":4},"end":{"line":65,"column":66}},"29":{"start":{"line":69,"column":0},"end":{"line":69,"column":41}},"30":{"start":{"line":70,"column":0},"end":{"line":70,"column":35}}},"fnMap":{"0":{"name":"(anonymous_0)","decl":{"start":{"line":8,"column":31},"end":{"line":8,"column":32}},"loc":{"start":{"line":8,"column":51},"end":{"line":32,"column":1}},"line":8},"1":{"name":"(anonymous_1)","decl":{"start":{"line":34,"column":28},"end":{"line":34,"column":29}},"loc":{"start":{"line":34,"column":48},"end":{"line":67,"column":1}},"line":34}},"branchMap":{"0":{"loc":{"start":{"line":11,"column":2},"end":{"line":13,"column":3}},"type":"if","locations":[{"start":{"line":11,"column":2},"end":{"line":13,"column":3}},{"start":{},"end":{}}],"line":11},"1":{"loc":{"start":{"line":11,"column":6},"end":{"line":11,"column":34}},"type":"binary-expr","locations":[{"start":{"line":11,"column":6},"end":{"line":11,"column":11}},{"start":{"line":11,"column":15},"end":{"line":11,"column":21}},{"start":{"line":11,"column":25},"end":{"line":11,"column":34}}],"line":11},"2":{"loc":{"start":{"line":26,"column":4},"end":{"line":28,"column":5}},"type":"if","locations":[{"start":{"line":26,"column":4},"end":{"line":28,"column":5}},{"start":{},"end":{}}],"line":26},"3":{"loc":{"start":{"line":37,"column":2},"end":{"line":39,"column":3}},"type":"if","locations":[{"start":{"line":37,"column":2},"end":{"line":39,"column":3}},{"start":{},"end":{}}],"line":37},"4":{"loc":{"start":{"line":37,"column":6},"end":{"line":37,"column":25}},"type":"binary-expr","locations":[{"start":{"line":37,"column":6},"end":{"line":37,"column":12}},{"start":{"line":37,"column":16},"end":{"line":37,"column":25}}],"line":37},"5":{"loc":{"start":{"line":47,"column":4},"end":{"line":49,"column":5}},"type":"if","locations":[{"start":{"line":47,"column":4},"end":{"line":49,"column":5}},{"start":{},"end":{}}],"line":47},"6":{"loc":{"start":{"line":55,"column":4},"end":{"line":57,"column":5}},"type":"if","locations":[{"start":{"line":55,"column":4},"end":{"line":57,"column":5}},{"start":{},"end":{}}],"line":55}},"s":{"0":1,"1":1,"2":1,"3":4,"4":4,"5":1,"6":3,"7":3,"8":2,"9":1,"10":2,"11":1,"12":1,"13":1,"14":1,"15":5,"16":5,"17":1,"18":4,"19":4,"20":3,"21":1,"22":2,"23":2,"24":2,"25":1,"26":1,"27":1,"28":1,"29":1,"30":1},"f":{"0":4,"1":5},"b":{"0":[1,3],"1":[4,4,3],"2":[1,1],"3":[1,4],"4":[5,5],"5":[1,2],"6":[1,1]},"_coverageSchema":"1a1c01bbd47fc00a2c39e90264f33305004495a9","hash":"3fec7b7e163453da694bf4cb9fb4e53cc00978e4"}
,"C:\\Users\\Yure Pires\\Documents\\UmBora\\backend\\routes\\driverRoutes.js": {"path":"C:\\Users\\Yure Pires\\Documents\\UmBora\\backend\\routes\\driverRoutes.js","statementMap":{"0":{"start":{"line":4,"column":15},"end":{"line":4,"column":31}},"1":{"start":{"line":8,"column":34},"end":{"line":85,"column":1}},"2":{"start":{"line":18,"column":6},"end":{"line":18,"column":14}},"3":{"start":{"line":20,"column":2},"end":{"line":24,"column":3}},"4":{"start":{"line":21,"column":4},"end":{"line":23,"column":7}},"5":{"start":{"line":26,"column":17},"end":{"line":26,"column":37}},"6":{"start":{"line":28,"column":2},"end":{"line":84,"column":3}},"7":{"start":{"line":29,"column":4},"end":{"line":29,"column":32}},"8":{"start":{"line":32,"column":27},"end":{"line":35,"column":5}},"9":{"start":{"line":37,"column":4},"end":{"line":42,"column":5}},"10":{"start":{"line":38,"column":6},"end":{"line":38,"column":37}},"11":{"start":{"line":39,"column":6},"end":{"line":41,"column":9}},"12":{"start":{"line":45,"column":31},"end":{"line":51,"column":5}},"13":{"start":{"line":52,"column":24},"end":{"line":52,"column":53}},"14":{"start":{"line":55,"column":4},"end":{"line":58,"column":6}},"15":{"start":{"line":60,"column":4},"end":{"line":60,"column":33}},"16":{"start":{"line":62,"column":4},"end":{"line":65,"column":7}},"17":{"start":{"line":68,"column":4},"end":{"line":68,"column":35}},"18":{"start":{"line":70,"column":4},"end":{"line":78,"column":5}},"19":{"start":{"line":71,"column":6},"end":{"line":73,"column":7}},"20":{"start":{"line":72,"column":8},"end":{"line":72,"column":81}},"21":{"start":{"line":74,"column":6},"end":{"line":76,"column":7}},"22":{"start":{"line":75,"column":8},"end":{"line":75,"column":94}},"23":{"start":{"line":77,"column":6},"end":{"line":77,"column":102}},"24":{"start":{"line":80,"column":4},"end":{"line":80,"column":57}},"25":{"start":{"line":81,"column":4},"end":{"line":81,"column":91}},"26":{"start":{"line":83,"column":4},"end":{"line":83,"column":21}},"27":{"start":{"line":89,"column":32},"end":{"line":155,"column":1}},"28":{"start":{"line":90,"column":21},"end":{"line":90,"column":31}},"29":{"start":{"line":92,"column":2},"end":{"line":154,"column":3}},"30":{"start":{"line":93,"column":19},"end":{"line":115,"column":5}},"31":{"start":{"line":117,"column":4},"end":{"line":122,"column":5}},"32":{"start":{"line":118,"column":6},"end":{"line":121,"column":9}},"33":{"start":{"line":124,"column":19},"end":{"line":124,"column":33}},"34":{"start":{"line":126,"column":4},"end":{"line":149,"column":7}},"35":{"start":{"line":152,"column":4},"end":{"line":152,"column":62}},"36":{"start":{"line":153,"column":4},"end":{"line":153,"column":67}},"37":{"start":{"line":159,"column":35},"end":{"line":258,"column":1}},"38":{"start":{"line":160,"column":21},"end":{"line":160,"column":31}},"39":{"start":{"line":168,"column":6},"end":{"line":168,"column":14}},"40":{"start":{"line":170,"column":17},"end":{"line":170,"column":37}},"41":{"start":{"line":172,"column":2},"end":{"line":257,"column":3}},"42":{"start":{"line":173,"column":4},"end":{"line":173,"column":32}},"43":{"start":{"line":176,"column":25},"end":{"line":179,"column":5}},"44":{"start":{"line":181,"column":4},"end":{"line":184,"column":5}},"45":{"start":{"line":182,"column":6},"end":{"line":182,"column":37}},"46":{"start":{"line":183,"column":6},"end":{"line":183,"column":76}},"47":{"start":{"line":186,"column":21},"end":{"line":186,"column":44}},"48":{"start":{"line":189,"column":25},"end":{"line":189,"column":27}},"49":{"start":{"line":190,"column":25},"end":{"line":190,"column":27}},"50":{"start":{"line":191,"column":21},"end":{"line":191,"column":22}},"51":{"start":{"line":193,"column":4},"end":{"line":196,"column":5}},"52":{"start":{"line":194,"column":6},"end":{"line":194,"column":63}},"53":{"start":{"line":195,"column":6},"end":{"line":195,"column":42}},"54":{"start":{"line":197,"column":4},"end":{"line":200,"column":5}},"55":{"start":{"line":198,"column":6},"end":{"line":198,"column":64}},"56":{"start":{"line":199,"column":6},"end":{"line":199,"column":43}},"57":{"start":{"line":201,"column":4},"end":{"line":204,"column":5}},"58":{"start":{"line":202,"column":6},"end":{"line":202,"column":59}},"59":{"start":{"line":203,"column":6},"end":{"line":203,"column":38}},"60":{"start":{"line":206,"column":4},"end":{"line":212,"column":5}},"61":{"start":{"line":207,"column":6},"end":{"line":207,"column":32}},"62":{"start":{"line":208,"column":6},"end":{"line":211,"column":8}},"63":{"start":{"line":215,"column":32},"end":{"line":215,"column":34}},"64":{"start":{"line":216,"column":32},"end":{"line":216,"column":34}},"65":{"start":{"line":217,"column":28},"end":{"line":217,"column":29}},"66":{"start":{"line":219,"column":4},"end":{"line":222,"column":5}},"67":{"start":{"line":220,"column":6},"end":{"line":220,"column":67}},"68":{"start":{"line":221,"column":6},"end":{"line":221,"column":39}},"69":{"start":{"line":223,"column":4},"end":{"line":226,"column":5}},"70":{"start":{"line":224,"column":6},"end":{"line":224,"column":66}},"71":{"start":{"line":225,"column":6},"end":{"line":225,"column":38}},"72":{"start":{"line":227,"column":4},"end":{"line":230,"column":5}},"73":{"start":{"line":228,"column":6},"end":{"line":228,"column":64}},"74":{"start":{"line":229,"column":6},"end":{"line":229,"column":36}},"75":{"start":{"line":232,"column":4},"end":{"line":238,"column":5}},"76":{"start":{"line":233,"column":6},"end":{"line":233,"column":41}},"77":{"start":{"line":234,"column":6},"end":{"line":237,"column":8}},"78":{"start":{"line":240,"column":4},"end":{"line":240,"column":33}},"79":{"start":{"line":242,"column":4},"end":{"line":244,"column":7}},"80":{"start":{"line":247,"column":4},"end":{"line":247,"column":35}},"81":{"start":{"line":249,"column":4},"end":{"line":251,"column":5}},"82":{"start":{"line":250,"column":6},"end":{"line":250,"column":92}},"83":{"start":{"line":253,"column":4},"end":{"line":253,"column":65}},"84":{"start":{"line":254,"column":4},"end":{"line":254,"column":67}},"85":{"start":{"line":256,"column":4},"end":{"line":256,"column":21}},"86":{"start":{"line":260,"column":0},"end":{"line":260,"column":42}},"87":{"start":{"line":261,"column":0},"end":{"line":261,"column":49}},"88":{"start":{"line":262,"column":0},"end":{"line":262,"column":52}}},"fnMap":{"0":{"name":"(anonymous_0)","decl":{"start":{"line":8,"column":34},"end":{"line":8,"column":35}},"loc":{"start":{"line":8,"column":54},"end":{"line":85,"column":1}},"line":8},"1":{"name":"(anonymous_1)","decl":{"start":{"line":89,"column":32},"end":{"line":89,"column":33}},"loc":{"start":{"line":89,"column":52},"end":{"line":155,"column":1}},"line":89},"2":{"name":"(anonymous_2)","decl":{"start":{"line":159,"column":35},"end":{"line":159,"column":36}},"loc":{"start":{"line":159,"column":55},"end":{"line":258,"column":1}},"line":159}},"branchMap":{"0":{"loc":{"start":{"line":17,"column":4},"end":{"line":17,"column":24}},"type":"default-arg","locations":[{"start":{"line":17,"column":19},"end":{"line":17,"column":24}}],"line":17},"1":{"loc":{"start":{"line":20,"column":2},"end":{"line":24,"column":3}},"type":"if","locations":[{"start":{"line":20,"column":2},"end":{"line":24,"column":3}},{"start":{},"end":{}}],"line":20},"2":{"loc":{"start":{"line":20,"column":6},"end":{"line":20,"column":50}},"type":"binary-expr","locations":[{"start":{"line":20,"column":6},"end":{"line":20,"column":13}},{"start":{"line":20,"column":17},"end":{"line":20,"column":21}},{"start":{"line":20,"column":25},"end":{"line":20,"column":32}},{"start":{"line":20,"column":36},"end":{"line":20,"column":42}},{"start":{"line":20,"column":46},"end":{"line":20,"column":50}}],"line":20},"3":{"loc":{"start":{"line":37,"column":4},"end":{"line":42,"column":5}},"type":"if","locations":[{"start":{"line":37,"column":4},"end":{"line":42,"column":5}},{"start":{},"end":{}}],"line":37},"4":{"loc":{"start":{"line":70,"column":4},"end":{"line":78,"column":5}},"type":"if","locations":[{"start":{"line":70,"column":4},"end":{"line":78,"column":5}},{"start":{},"end":{}}],"line":70},"5":{"loc":{"start":{"line":71,"column":6},"end":{"line":73,"column":7}},"type":"if","locations":[{"start":{"line":71,"column":6},"end":{"line":73,"column":7}},{"start":{},"end":{}}],"line":71},"6":{"loc":{"start":{"line":71,"column":10},"end":{"line":71,"column":58}},"type":"binary-expr","locations":[{"start":{"line":71,"column":10},"end":{"line":71,"column":24}},{"start":{"line":71,"column":28},"end":{"line":71,"column":58}}],"line":71},"7":{"loc":{"start":{"line":74,"column":6},"end":{"line":76,"column":7}},"type":"if","locations":[{"start":{"line":74,"column":6},"end":{"line":76,"column":7}},{"start":{},"end":{}}],"line":74},"8":{"loc":{"start":{"line":74,"column":10},"end":{"line":74,"column":60}},"type":"binary-expr","locations":[{"start":{"line":74,"column":10},"end":{"line":74,"column":24}},{"start":{"line":74,"column":28},"end":{"line":74,"column":60}}],"line":74},"9":{"loc":{"start":{"line":117,"column":4},"end":{"line":122,"column":5}},"type":"if","locations":[{"start":{"line":117,"column":4},"end":{"line":122,"column":5}},{"start":{},"end":{}}],"line":117},"10":{"loc":{"start":{"line":134,"column":18},"end":{"line":137,"column":16}},"type":"cond-expr","locations":[{"start":{"line":134,"column":72},"end":{"line":137,"column":9}},{"start":{"line":137,"column":12},"end":{"line":137,"column":16}}],"line":134},"11":{"loc":{"start":{"line":134,"column":18},"end":{"line":134,"column":69}},"type":"binary-expr","locations":[{"start":{"line":134,"column":18},"end":{"line":134,"column":41}},{"start":{"line":134,"column":45},"end":{"line":134,"column":69}}],"line":134},"12":{"loc":{"start":{"line":181,"column":4},"end":{"line":184,"column":5}},"type":"if","locations":[{"start":{"line":181,"column":4},"end":{"line":184,"column":5}},{"start":{},"end":{}}],"line":181},"13":{"loc":{"start":{"line":193,"column":4},"end":{"line":196,"column":5}},"type":"if","locations":[{"start":{"line":193,"column":4},"end":{"line":196,"column":5}},{"start":{},"end":{}}],"line":193},"14":{"loc":{"start":{"line":197,"column":4},"end":{"line":200,"column":5}},"type":"if","locations":[{"start":{"line":197,"column":4},"end":{"line":200,"column":5}},{"start":{},"end":{}}],"line":197},"15":{"loc":{"start":{"line":201,"column":4},"end":{"line":204,"column":5}},"type":"if","locations":[{"start":{"line":201,"column":4},"end":{"line":204,"column":5}},{"start":{},"end":{}}],"line":201},"16":{"loc":{"start":{"line":206,"column":4},"end":{"line":212,"column":5}},"type":"if","locations":[{"start":{"line":206,"column":4},"end":{"line":212,"column":5}},{"start":{},"end":{}}],"line":206},"17":{"loc":{"start":{"line":219,"column":4},"end":{"line":222,"column":5}},"type":"if","locations":[{"start":{"line":219,"column":4},"end":{"line":222,"column":5}},{"start":{},"end":{}}],"line":219},"18":{"loc":{"start":{"line":223,"column":4},"end":{"line":226,"column":5}},"type":"if","locations":[{"start":{"line":223,"column":4},"end":{"line":226,"column":5}},{"start":{},"end":{}}],"line":223},"19":{"loc":{"start":{"line":227,"column":4},"end":{"line":230,"column":5}},"type":"if","locations":[{"start":{"line":227,"column":4},"end":{"line":230,"column":5}},{"start":{},"end":{}}],"line":227},"20":{"loc":{"start":{"line":232,"column":4},"end":{"line":238,"column":5}},"type":"if","locations":[{"start":{"line":232,"column":4},"end":{"line":238,"column":5}},{"start":{},"end":{}}],"line":232},"21":{"loc":{"start":{"line":249,"column":4},"end":{"line":251,"column":5}},"type":"if","locations":[{"start":{"line":249,"column":4},"end":{"line":251,"column":5}},{"start":{},"end":{}}],"line":249},"22":{"loc":{"start":{"line":249,"column":8},"end":{"line":249,"column":82}},"type":"binary-expr","locations":[{"start":{"line":249,"column":8},"end":{"line":249,"column":28}},{"start":{"line":249,"column":32},"end":{"line":249,"column":46}},{"start":{"line":249,"column":50},"end":{"line":249,"column":82}}],"line":249}},"s":{"0":3,"1":3,"2":7,"3":7,"4":1,"5":6,"6":6,"7":6,"8":5,"9":5,"10":1,"11":1,"12":4,"13":2,"14":2,"15":1,"16":1,"17":4,"18":4,"19":3,"20":1,"21":2,"22":1,"23":1,"24":1,"25":1,"26":6,"27":3,"28":4,"29":4,"30":4,"31":3,"32":1,"33":2,"34":2,"35":1,"36":1,"37":3,"38":6,"39":6,"40":6,"41":6,"42":6,"43":5,"44":5,"45":1,"46":1,"47":4,"48":4,"49":4,"50":4,"51":4,"52":1,"53":1,"54":4,"55":1,"56":1,"57":4,"58":1,"59":1,"60":4,"61":2,"62":2,"63":4,"64":4,"65":4,"66":4,"67":1,"68":1,"69":4,"70":1,"71":1,"72":4,"73":1,"74":1,"75":4,"76":3,"77":3,"78":3,"79":3,"80":2,"81":2,"82":1,"83":1,"84":1,"85":6,"86":3,"87":3,"88":3},"f":{"0":7,"1":4,"2":6},"b":{"0":[7],"1":[1,6],"2":[7,7,6,6,6],"3":[1,4],"4":[3,1],"5":[1,2],"6":[3,3],"7":[1,1],"8":[2,2],"9":[1,2],"10":[1,1],"11":[2,1],"12":[1,4],"13":[1,3],"14":[1,3],"15":[1,3],"16":[2,2],"17":[1,3],"18":[1,3],"19":[1,3],"20":[3,1],"21":[1,1],"22":[2,1,1]},"_coverageSchema":"1a1c01bbd47fc00a2c39e90264f33305004495a9","hash":"a7d3729806882b02f05996f0745bd3f6698ff788"}
,"C:\\Users\\Yure Pires\\Documents\\UmBora\\backend\\routes\\passengerRoutes.js": {"path":"C:\\Users\\Yure Pires\\Documents\\UmBora\\backend\\routes\\passengerRoutes.js","statementMap":{"0":{"start":{"line":4,"column":15},"end":{"line":4,"column":31}},"1":{"start":{"line":6,"column":38},"end":{"line":29,"column":1}},"2":{"start":{"line":7,"column":52},"end":{"line":7,"column":60}},"3":{"start":{"line":9,"column":2},"end":{"line":11,"column":3}},"4":{"start":{"line":10,"column":4},"end":{"line":10,"column":86}},"5":{"start":{"line":13,"column":2},"end":{"line":28,"column":3}},"6":{"start":{"line":14,"column":4},"end":{"line":19,"column":6}},"7":{"start":{"line":21,"column":4},"end":{"line":21,"column":76}},"8":{"start":{"line":23,"column":4},"end":{"line":25,"column":5}},"9":{"start":{"line":24,"column":6},"end":{"line":24,"column":81}},"10":{"start":{"line":26,"column":4},"end":{"line":26,"column":58}},"11":{"start":{"line":27,"column":4},"end":{"line":27,"column":67}},"12":{"start":{"line":31,"column":35},"end":{"line":52,"column":1}},"13":{"start":{"line":32,"column":21},"end":{"line":32,"column":31}},"14":{"start":{"line":34,"column":2},"end":{"line":51,"column":3}},"15":{"start":{"line":35,"column":19},"end":{"line":38,"column":5}},"16":{"start":{"line":40,"column":4},"end":{"line":42,"column":5}},"17":{"start":{"line":41,"column":6},"end":{"line":41,"column":77}},"18":{"start":{"line":44,"column":4},"end":{"line":47,"column":7}},"19":{"start":{"line":49,"column":4},"end":{"line":49,"column":53}},"20":{"start":{"line":50,"column":4},"end":{"line":50,"column":67}},"21":{"start":{"line":54,"column":0},"end":{"line":54,"column":41}},"22":{"start":{"line":55,"column":0},"end":{"line":55,"column":44}}},"fnMap":{"0":{"name":"(anonymous_0)","decl":{"start":{"line":6,"column":38},"end":{"line":6,"column":39}},"loc":{"start":{"line":6,"column":58},"end":{"line":29,"column":1}},"line":6},"1":{"name":"(anonymous_1)","decl":{"start":{"line":31,"column":35},"end":{"line":31,"column":36}},"loc":{"start":{"line":31,"column":55},"end":{"line":52,"column":1}},"line":31}},"branchMap":{"0":{"loc":{"start":{"line":9,"column":2},"end":{"line":11,"column":3}},"type":"if","locations":[{"start":{"line":9,"column":2},"end":{"line":11,"column":3}},{"start":{},"end":{}}],"line":9},"1":{"loc":{"start":{"line":9,"column":6},"end":{"line":9,"column":21}},"type":"binary-expr","locations":[{"start":{"line":9,"column":6},"end":{"line":9,"column":13}},{"start":{"line":9,"column":17},"end":{"line":9,"column":21}}],"line":9},"2":{"loc":{"start":{"line":23,"column":4},"end":{"line":25,"column":5}},"type":"if","locations":[{"start":{"line":23,"column":4},"end":{"line":25,"column":5}},{"start":{},"end":{}}],"line":23},"3":{"loc":{"start":{"line":40,"column":4},"end":{"line":42,"column":5}},"type":"if","locations":[{"start":{"line":40,"column":4},"end":{"line":42,"column":5}},{"start":{},"end":{}}],"line":40}},"s":{"0":2,"1":2,"2":4,"3":4,"4":1,"5":3,"6":3,"7":1,"8":2,"9":1,"10":1,"11":1,"12":2,"13":3,"14":3,"15":3,"16":2,"17":1,"18":1,"19":1,"20":1,"21":2,"22":2},"f":{"0":4,"1":3},"b":{"0":[1,3],"1":[4,4],"2":[1,1],"3":[1,1]},"_coverageSchema":"1a1c01bbd47fc00a2c39e90264f33305004495a9","hash":"bff2120528d9f6f889f129a6e83d14cb0533526b"}
,"C:\\Users\\Yure Pires\\Documents\\UmBora\\backend\\routes\\rideRoutes.js": {"path":"C:\\Users\\Yure Pires\\Documents\\UmBora\\backend\\routes\\rideRoutes.js","statementMap":{"0":{"start":{"line":4,"column":15},"end":{"line":4,"column":31}},"1":{"start":{"line":11,"column":39},"end":{"line":93,"column":1}},"2":{"start":{"line":12,"column":37},"end":{"line":12,"column":46}},"3":{"start":{"line":14,"column":4},"end":{"line":18,"column":5}},"4":{"start":{"line":15,"column":8},"end":{"line":17,"column":11}},"5":{"start":{"line":20,"column":4},"end":{"line":92,"column":5}},"6":{"start":{"line":22,"column":25},"end":{"line":22,"column":40}},"7":{"start":{"line":23,"column":26},"end":{"line":23,"column":41}},"8":{"start":{"line":24,"column":25},"end":{"line":24,"column":43}},"9":{"start":{"line":28,"column":22},"end":{"line":59,"column":5}},"10":{"start":{"line":61,"column":23},"end":{"line":61,"column":79}},"11":{"start":{"line":64,"column":24},"end":{"line":78,"column":11}},"12":{"start":{"line":64,"column":51},"end":{"line":78,"column":9}},"13":{"start":{"line":80,"column":8},"end":{"line":84,"column":11}},"14":{"start":{"line":87,"column":8},"end":{"line":87,"column":66}},"15":{"start":{"line":88,"column":8},"end":{"line":91,"column":11}},"16":{"start":{"line":99,"column":33},"end":{"line":151,"column":1}},"17":{"start":{"line":107,"column":8},"end":{"line":107,"column":16}},"18":{"start":{"line":110,"column":4},"end":{"line":114,"column":5}},"19":{"start":{"line":111,"column":8},"end":{"line":113,"column":11}},"20":{"start":{"line":116,"column":4},"end":{"line":118,"column":5}},"21":{"start":{"line":117,"column":8},"end":{"line":117,"column":70}},"22":{"start":{"line":120,"column":4},"end":{"line":122,"column":5}},"23":{"start":{"line":121,"column":8},"end":{"line":121,"column":71}},"24":{"start":{"line":124,"column":4},"end":{"line":150,"column":5}},"25":{"start":{"line":125,"column":23},"end":{"line":140,"column":9}},"26":{"start":{"line":142,"column":8},"end":{"line":146,"column":11}},"27":{"start":{"line":148,"column":8},"end":{"line":148,"column":56}},"28":{"start":{"line":149,"column":8},"end":{"line":149,"column":90}},"29":{"start":{"line":157,"column":37},"end":{"line":201,"column":1}},"30":{"start":{"line":158,"column":25},"end":{"line":158,"column":35}},"31":{"start":{"line":160,"column":4},"end":{"line":200,"column":5}},"32":{"start":{"line":161,"column":23},"end":{"line":175,"column":9}},"33":{"start":{"line":177,"column":22},"end":{"line":194,"column":11}},"34":{"start":{"line":177,"column":47},"end":{"line":194,"column":9}},"35":{"start":{"line":196,"column":8},"end":{"line":196,"column":55}},"36":{"start":{"line":198,"column":8},"end":{"line":198,"column":54}},"37":{"start":{"line":199,"column":8},"end":{"line":199,"column":88}},"38":{"start":{"line":207,"column":40},"end":{"line":337,"column":1}},"39":{"start":{"line":208,"column":55},"end":{"line":208,"column":64}},"40":{"start":{"line":210,"column":4},"end":{"line":212,"column":5}},"41":{"start":{"line":211,"column":8},"end":{"line":211,"column":90}},"42":{"start":{"line":214,"column":4},"end":{"line":336,"column":5}},"43":{"start":{"line":215,"column":25},"end":{"line":215,"column":40}},"44":{"start":{"line":216,"column":26},"end":{"line":216,"column":41}},"45":{"start":{"line":217,"column":25},"end":{"line":217,"column":43}},"46":{"start":{"line":218,"column":27},"end":{"line":218,"column":43}},"47":{"start":{"line":220,"column":8},"end":{"line":220,"column":48}},"48":{"start":{"line":221,"column":8},"end":{"line":221,"column":61}},"49":{"start":{"line":222,"column":8},"end":{"line":222,"column":45}},"50":{"start":{"line":223,"column":8},"end":{"line":223,"column":60}},"51":{"start":{"line":226,"column":22},"end":{"line":271,"column":5}},"52":{"start":{"line":273,"column":23},"end":{"line":273,"column":91}},"53":{"start":{"line":275,"column":8},"end":{"line":275,"column":73}},"54":{"start":{"line":277,"column":22},"end":{"line":328,"column":10}},"55":{"start":{"line":278,"column":33},"end":{"line":278,"column":66}},"56":{"start":{"line":279,"column":35},"end":{"line":279,"column":70}},"57":{"start":{"line":280,"column":34},"end":{"line":280,"column":63}},"58":{"start":{"line":281,"column":41},"end":{"line":281,"column":91}},"59":{"start":{"line":282,"column":35},"end":{"line":282,"column":71}},"60":{"start":{"line":284,"column":29},"end":{"line":313,"column":13}},"61":{"start":{"line":316,"column":12},"end":{"line":318,"column":13}},"62":{"start":{"line":317,"column":16},"end":{"line":317,"column":43}},"63":{"start":{"line":320,"column":12},"end":{"line":325,"column":15}},"64":{"start":{"line":327,"column":12},"end":{"line":327,"column":28}},"65":{"start":{"line":330,"column":8},"end":{"line":330,"column":43}},"66":{"start":{"line":332,"column":8},"end":{"line":332,"column":76}},"67":{"start":{"line":334,"column":8},"end":{"line":334,"column":66}},"68":{"start":{"line":335,"column":8},"end":{"line":335,"column":88}},"69":{"start":{"line":343,"column":33},"end":{"line":397,"column":1}},"70":{"start":{"line":344,"column":23},"end":{"line":344,"column":33}},"71":{"start":{"line":345,"column":20},"end":{"line":345,"column":28}},"72":{"start":{"line":347,"column":4},"end":{"line":396,"column":5}},"73":{"start":{"line":348,"column":23},"end":{"line":348,"column":25}},"74":{"start":{"line":349,"column":23},"end":{"line":349,"column":25}},"75":{"start":{"line":350,"column":25},"end":{"line":350,"column":26}},"76":{"start":{"line":352,"column":8},"end":{"line":355,"column":9}},"77":{"start":{"line":353,"column":12},"end":{"line":353,"column":61}},"78":{"start":{"line":354,"column":12},"end":{"line":354,"column":47}},"79":{"start":{"line":356,"column":8},"end":{"line":359,"column":9}},"80":{"start":{"line":357,"column":12},"end":{"line":357,"column":62}},"81":{"start":{"line":358,"column":12},"end":{"line":358,"column":48}},"82":{"start":{"line":360,"column":8},"end":{"line":363,"column":9}},"83":{"start":{"line":361,"column":12},"end":{"line":361,"column":61}},"84":{"start":{"line":362,"column":12},"end":{"line":362,"column":46}},"85":{"start":{"line":364,"column":8},"end":{"line":367,"column":9}},"86":{"start":{"line":365,"column":12},"end":{"line":365,"column":53}},"87":{"start":{"line":366,"column":12},"end":{"line":366,"column":40}},"88":{"start":{"line":369,"column":8},"end":{"line":371,"column":9}},"89":{"start":{"line":370,"column":12},"end":{"line":370,"column":84}},"90":{"start":{"line":374,"column":8},"end":{"line":374,"column":54}},"91":{"start":{"line":377,"column":8},"end":{"line":377,"column":28}},"92":{"start":{"line":379,"column":22},"end":{"line":379,"column":87}},"93":{"start":{"line":381,"column":8},"end":{"line":381,"column":37}},"94":{"start":{"line":382,"column":8},"end":{"line":382,"column":39}},"95":{"start":{"line":384,"column":23},"end":{"line":384,"column":54}},"96":{"start":{"line":386,"column":8},"end":{"line":386,"column":57}},"97":{"start":{"line":388,"column":8},"end":{"line":392,"column":11}},"98":{"start":{"line":394,"column":8},"end":{"line":394,"column":56}},"99":{"start":{"line":395,"column":8},"end":{"line":395,"column":90}},"100":{"start":{"line":403,"column":33},"end":{"line":417,"column":1}},"101":{"start":{"line":404,"column":23},"end":{"line":404,"column":33}},"102":{"start":{"line":406,"column":4},"end":{"line":416,"column":5}},"103":{"start":{"line":407,"column":8},"end":{"line":410,"column":10}},"104":{"start":{"line":412,"column":8},"end":{"line":412,"column":89}},"105":{"start":{"line":414,"column":8},"end":{"line":414,"column":55}},"106":{"start":{"line":415,"column":8},"end":{"line":415,"column":89}},"107":{"start":{"line":423,"column":37},"end":{"line":500,"column":1}},"108":{"start":{"line":424,"column":23},"end":{"line":424,"column":33}},"109":{"start":{"line":426,"column":4},"end":{"line":499,"column":5}},"110":{"start":{"line":428,"column":27},"end":{"line":443,"column":9}},"111":{"start":{"line":445,"column":8},"end":{"line":447,"column":9}},"112":{"start":{"line":446,"column":12},"end":{"line":446,"column":78}},"113":{"start":{"line":449,"column":21},"end":{"line":449,"column":39}},"114":{"start":{"line":452,"column":33},"end":{"line":457,"column":9}},"115":{"start":{"line":459,"column":36},"end":{"line":459,"column":91}},"116":{"start":{"line":460,"column":37},"end":{"line":460,"column":79}},"117":{"start":{"line":462,"column":8},"end":{"line":495,"column":11}},"118":{"start":{"line":497,"column":8},"end":{"line":497,"column":65}},"119":{"start":{"line":498,"column":8},"end":{"line":498,"column":87}},"120":{"start":{"line":506,"column":34},"end":{"line":615,"column":1}},"121":{"start":{"line":507,"column":23},"end":{"line":507,"column":33}},"122":{"start":{"line":508,"column":63},"end":{"line":508,"column":71}},"123":{"start":{"line":511,"column":4},"end":{"line":513,"column":5}},"124":{"start":{"line":512,"column":8},"end":{"line":512,"column":78}},"125":{"start":{"line":515,"column":4},"end":{"line":517,"column":5}},"126":{"start":{"line":516,"column":8},"end":{"line":516,"column":93}},"127":{"start":{"line":519,"column":4},"end":{"line":521,"column":5}},"128":{"start":{"line":520,"column":8},"end":{"line":520,"column":80}},"129":{"start":{"line":524,"column":32},"end":{"line":524,"column":55}},"130":{"start":{"line":525,"column":4},"end":{"line":529,"column":5}},"131":{"start":{"line":526,"column":8},"end":{"line":528,"column":11}},"132":{"start":{"line":531,"column":4},"end":{"line":614,"column":5}},"133":{"start":{"line":534,"column":27},"end":{"line":541,"column":9}},"134":{"start":{"line":543,"column":8},"end":{"line":545,"column":9}},"135":{"start":{"line":544,"column":12},"end":{"line":544,"column":106}},"136":{"start":{"line":547,"column":21},"end":{"line":547,"column":39}},"137":{"start":{"line":548,"column":29},"end":{"line":548,"column":62}},"138":{"start":{"line":549,"column":31},"end":{"line":549,"column":66}},"139":{"start":{"line":550,"column":30},"end":{"line":550,"column":59}},"140":{"start":{"line":551,"column":31},"end":{"line":551,"column":67}},"141":{"start":{"line":554,"column":8},"end":{"line":560,"column":9}},"142":{"start":{"line":555,"column":12},"end":{"line":559,"column":15}},"143":{"start":{"line":563,"column":8},"end":{"line":570,"column":9}},"144":{"start":{"line":564,"column":12},"end":{"line":569,"column":15}},"145":{"start":{"line":573,"column":32},"end":{"line":576,"column":9}},"146":{"start":{"line":578,"column":8},"end":{"line":604,"column":9}},"147":{"start":{"line":579,"column":27},"end":{"line":579,"column":57}},"148":{"start":{"line":580,"column":12},"end":{"line":582,"column":13}},"149":{"start":{"line":581,"column":16},"end":{"line":581,"column":96}},"150":{"start":{"line":583,"column":12},"end":{"line":585,"column":13}},"151":{"start":{"line":584,"column":16},"end":{"line":584,"column":97}},"152":{"start":{"line":587,"column":12},"end":{"line":596,"column":14}},"153":{"start":{"line":599,"column":12},"end":{"line":603,"column":14}},"154":{"start":{"line":606,"column":8},"end":{"line":610,"column":11}},"155":{"start":{"line":612,"column":8},"end":{"line":612,"column":54}},"156":{"start":{"line":613,"column":8},"end":{"line":613,"column":88}},"157":{"start":{"line":621,"column":41},"end":{"line":695,"column":1}},"158":{"start":{"line":622,"column":25},"end":{"line":622,"column":35}},"159":{"start":{"line":623,"column":23},"end":{"line":623,"column":32}},"160":{"start":{"line":625,"column":4},"end":{"line":694,"column":5}},"161":{"start":{"line":626,"column":20},"end":{"line":648,"column":9}},"162":{"start":{"line":650,"column":23},"end":{"line":650,"column":33}},"163":{"start":{"line":653,"column":8},"end":{"line":656,"column":9}},"164":{"start":{"line":654,"column":12},"end":{"line":654,"column":44}},"165":{"start":{"line":655,"column":12},"end":{"line":655,"column":32}},"166":{"start":{"line":658,"column":8},"end":{"line":658,"column":50}},"167":{"start":{"line":660,"column":23},"end":{"line":660,"column":54}},"168":{"start":{"line":662,"column":25},"end":{"line":684,"column":11}},"169":{"start":{"line":662,"column":49},"end":{"line":684,"column":9}},"170":{"start":{"line":686,"column":8},"end":{"line":690,"column":11}},"171":{"start":{"line":692,"column":8},"end":{"line":692,"column":69}},"172":{"start":{"line":693,"column":8},"end":{"line":693,"column":93}},"173":{"start":{"line":701,"column":36},"end":{"line":733,"column":1}},"174":{"start":{"line":702,"column":23},"end":{"line":702,"column":33}},"175":{"start":{"line":704,"column":4},"end":{"line":732,"column":5}},"176":{"start":{"line":705,"column":23},"end":{"line":716,"column":9}},"177":{"start":{"line":718,"column":27},"end":{"line":726,"column":11}},"178":{"start":{"line":718,"column":49},"end":{"line":726,"column":9}},"179":{"start":{"line":728,"column":8},"end":{"line":728,"column":60}},"180":{"start":{"line":730,"column":8},"end":{"line":730,"column":58}},"181":{"start":{"line":731,"column":8},"end":{"line":731,"column":92}},"182":{"start":{"line":739,"column":35},"end":{"line":790,"column":1}},"183":{"start":{"line":740,"column":36},"end":{"line":740,"column":46}},"184":{"start":{"line":741,"column":23},"end":{"line":741,"column":31}},"185":{"start":{"line":743,"column":4},"end":{"line":745,"column":5}},"186":{"start":{"line":744,"column":8},"end":{"line":744,"column":94}},"187":{"start":{"line":747,"column":4},"end":{"line":789,"column":5}},"188":{"start":{"line":749,"column":8},"end":{"line":767,"column":9}},"189":{"start":{"line":750,"column":31},"end":{"line":755,"column":13}},"190":{"start":{"line":757,"column":12},"end":{"line":759,"column":13}},"191":{"start":{"line":758,"column":16},"end":{"line":758,"column":82}},"192":{"start":{"line":761,"column":25},"end":{"line":761,"column":43}},"193":{"start":{"line":762,"column":35},"end":{"line":762,"column":70}},"194":{"start":{"line":764,"column":12},"end":{"line":766,"column":13}},"195":{"start":{"line":765,"column":16},"end":{"line":765,"column":90}},"196":{"start":{"line":769,"column":23},"end":{"line":775,"column":9}},"197":{"start":{"line":777,"column":8},"end":{"line":779,"column":9}},"198":{"start":{"line":778,"column":12},"end":{"line":778,"column":83}},"199":{"start":{"line":781,"column":8},"end":{"line":785,"column":11}},"200":{"start":{"line":787,"column":8},"end":{"line":787,"column":70}},"201":{"start":{"line":788,"column":8},"end":{"line":788,"column":95}},"202":{"start":{"line":796,"column":43},"end":{"line":871,"column":1}},"203":{"start":{"line":797,"column":28},"end":{"line":797,"column":38}},"204":{"start":{"line":799,"column":4},"end":{"line":870,"column":5}},"205":{"start":{"line":800,"column":22},"end":{"line":828,"column":9}},"206":{"start":{"line":830,"column":23},"end":{"line":830,"column":61}},"207":{"start":{"line":832,"column":25},"end":{"line":860,"column":11}},"208":{"start":{"line":832,"column":49},"end":{"line":860,"column":9}},"209":{"start":{"line":862,"column":8},"end":{"line":866,"column":11}},"210":{"start":{"line":868,"column":8},"end":{"line":868,"column":73}},"211":{"start":{"line":869,"column":8},"end":{"line":869,"column":93}},"212":{"start":{"line":877,"column":40},"end":{"line":918,"column":1}},"213":{"start":{"line":878,"column":36},"end":{"line":878,"column":46}},"214":{"start":{"line":880,"column":4},"end":{"line":917,"column":5}},"215":{"start":{"line":882,"column":28},"end":{"line":885,"column":9}},"216":{"start":{"line":887,"column":8},"end":{"line":889,"column":9}},"217":{"start":{"line":888,"column":12},"end":{"line":888,"column":83}},"218":{"start":{"line":891,"column":24},"end":{"line":891,"column":43}},"219":{"start":{"line":894,"column":8},"end":{"line":898,"column":9}},"220":{"start":{"line":895,"column":12},"end":{"line":897,"column":15}},"221":{"start":{"line":901,"column":23},"end":{"line":907,"column":9}},"222":{"start":{"line":909,"column":8},"end":{"line":913,"column":11}},"223":{"start":{"line":915,"column":8},"end":{"line":915,"column":60}},"224":{"start":{"line":916,"column":8},"end":{"line":916,"column":94}},"225":{"start":{"line":924,"column":39},"end":{"line":980,"column":1}},"226":{"start":{"line":925,"column":23},"end":{"line":925,"column":33}},"227":{"start":{"line":926,"column":23},"end":{"line":926,"column":31}},"228":{"start":{"line":929,"column":26},"end":{"line":929,"column":80}},"229":{"start":{"line":930,"column":4},"end":{"line":934,"column":5}},"230":{"start":{"line":931,"column":8},"end":{"line":933,"column":11}},"231":{"start":{"line":936,"column":4},"end":{"line":979,"column":5}},"232":{"start":{"line":938,"column":26},"end":{"line":941,"column":9}},"233":{"start":{"line":943,"column":8},"end":{"line":945,"column":9}},"234":{"start":{"line":944,"column":12},"end":{"line":944,"column":78}},"235":{"start":{"line":947,"column":28},"end":{"line":947,"column":45}},"236":{"start":{"line":950,"column":8},"end":{"line":954,"column":9}},"237":{"start":{"line":951,"column":12},"end":{"line":953,"column":15}},"238":{"start":{"line":956,"column":8},"end":{"line":960,"column":9}},"239":{"start":{"line":957,"column":12},"end":{"line":959,"column":15}},"240":{"start":{"line":963,"column":23},"end":{"line":969,"column":9}},"241":{"start":{"line":971,"column":8},"end":{"line":975,"column":11}},"242":{"start":{"line":977,"column":8},"end":{"line":977,"column":66}},"243":{"start":{"line":978,"column":8},"end":{"line":978,"column":90}},"244":{"start":{"line":982,"column":0},"end":{"line":982,"column":47}},"245":{"start":{"line":983,"column":0},"end":{"line":983,"column":41}},"246":{"start":{"line":984,"column":0},"end":{"line":984,"column":55}},"247":{"start":{"line":985,"column":0},"end":{"line":985,"column":51}},"248":{"start":{"line":986,"column":0},"end":{"line":986,"column":42}},"249":{"start":{"line":987,"column":0},"end":{"line":987,"column":45}},"250":{"start":{"line":988,"column":0},"end":{"line":988,"column":46}},"251":{"start":{"line":989,"column":0},"end":{"line":989,"column":52}},"252":{"start":{"line":990,"column":0},"end":{"line":990,"column":76}},"253":{"start":{"line":991,"column":0},"end":{"line":991,"column":56}},"254":{"start":{"line":992,"column":0},"end":{"line":992,"column":68}},"255":{"start":{"line":993,"column":0},"end":{"line":993,"column":77}},"256":{"start":{"line":994,"column":0},"end":{"line":994,"column":74}},"257":{"start":{"line":995,"column":0},"end":{"line":995,"column":55}}},"fnMap":{"0":{"name":"(anonymous_0)","decl":{"start":{"line":11,"column":39},"end":{"line":11,"column":40}},"loc":{"start":{"line":11,"column":59},"end":{"line":93,"column":1}},"line":11},"1":{"name":"(anonymous_1)","decl":{"start":{"line":64,"column":40},"end":{"line":64,"column":41}},"loc":{"start":{"line":64,"column":51},"end":{"line":78,"column":9}},"line":64},"2":{"name":"(anonymous_2)","decl":{"start":{"line":99,"column":33},"end":{"line":99,"column":34}},"loc":{"start":{"line":99,"column":53},"end":{"line":151,"column":1}},"line":99},"3":{"name":"(anonymous_3)","decl":{"start":{"line":157,"column":37},"end":{"line":157,"column":38}},"loc":{"start":{"line":157,"column":57},"end":{"line":201,"column":1}},"line":157},"4":{"name":"(anonymous_4)","decl":{"start":{"line":177,"column":38},"end":{"line":177,"column":39}},"loc":{"start":{"line":177,"column":47},"end":{"line":194,"column":9}},"line":177},"5":{"name":"(anonymous_5)","decl":{"start":{"line":207,"column":40},"end":{"line":207,"column":41}},"loc":{"start":{"line":207,"column":60},"end":{"line":337,"column":1}},"line":207},"6":{"name":"(anonymous_6)","decl":{"start":{"line":277,"column":38},"end":{"line":277,"column":39}},"loc":{"start":{"line":277,"column":46},"end":{"line":328,"column":9}},"line":277},"7":{"name":"(anonymous_7)","decl":{"start":{"line":343,"column":33},"end":{"line":343,"column":34}},"loc":{"start":{"line":343,"column":53},"end":{"line":397,"column":1}},"line":343},"8":{"name":"(anonymous_8)","decl":{"start":{"line":403,"column":33},"end":{"line":403,"column":34}},"loc":{"start":{"line":403,"column":53},"end":{"line":417,"column":1}},"line":403},"9":{"name":"(anonymous_9)","decl":{"start":{"line":423,"column":37},"end":{"line":423,"column":38}},"loc":{"start":{"line":423,"column":57},"end":{"line":500,"column":1}},"line":423},"10":{"name":"(anonymous_10)","decl":{"start":{"line":506,"column":34},"end":{"line":506,"column":35}},"loc":{"start":{"line":506,"column":54},"end":{"line":615,"column":1}},"line":506},"11":{"name":"(anonymous_11)","decl":{"start":{"line":621,"column":41},"end":{"line":621,"column":42}},"loc":{"start":{"line":621,"column":61},"end":{"line":695,"column":1}},"line":621},"12":{"name":"(anonymous_12)","decl":{"start":{"line":662,"column":41},"end":{"line":662,"column":42}},"loc":{"start":{"line":662,"column":49},"end":{"line":684,"column":9}},"line":662},"13":{"name":"(anonymous_13)","decl":{"start":{"line":701,"column":36},"end":{"line":701,"column":37}},"loc":{"start":{"line":701,"column":56},"end":{"line":733,"column":1}},"line":701},"14":{"name":"(anonymous_14)","decl":{"start":{"line":718,"column":43},"end":{"line":718,"column":44}},"loc":{"start":{"line":718,"column":49},"end":{"line":726,"column":9}},"line":718},"15":{"name":"(anonymous_15)","decl":{"start":{"line":739,"column":35},"end":{"line":739,"column":36}},"loc":{"start":{"line":739,"column":55},"end":{"line":790,"column":1}},"line":739},"16":{"name":"(anonymous_16)","decl":{"start":{"line":796,"column":43},"end":{"line":796,"column":44}},"loc":{"start":{"line":796,"column":63},"end":{"line":871,"column":1}},"line":796},"17":{"name":"(anonymous_17)","decl":{"start":{"line":832,"column":41},"end":{"line":832,"column":42}},"loc":{"start":{"line":832,"column":49},"end":{"line":860,"column":9}},"line":832},"18":{"name":"(anonymous_18)","decl":{"start":{"line":877,"column":40},"end":{"line":877,"column":41}},"loc":{"start":{"line":877,"column":60},"end":{"line":918,"column":1}},"line":877},"19":{"name":"(anonymous_19)","decl":{"start":{"line":924,"column":39},"end":{"line":924,"column":40}},"loc":{"start":{"line":924,"column":59},"end":{"line":980,"column":1}},"line":924}},"branchMap":{"0":{"loc":{"start":{"line":12,"column":22},"end":{"line":12,"column":32}},"type":"default-arg","locations":[{"start":{"line":12,"column":31},"end":{"line":12,"column":32}}],"line":12},"1":{"loc":{"start":{"line":14,"column":4},"end":{"line":18,"column":5}},"type":"if","locations":[{"start":{"line":14,"column":4},"end":{"line":18,"column":5}},{"start":{},"end":{}}],"line":14},"2":{"loc":{"start":{"line":14,"column":8},"end":{"line":14,"column":20}},"type":"binary-expr","locations":[{"start":{"line":14,"column":8},"end":{"line":14,"column":12}},{"start":{"line":14,"column":16},"end":{"line":14,"column":20}}],"line":14},"3":{"loc":{"start":{"line":76,"column":20},"end":{"line":76,"column":38}},"type":"binary-expr","locations":[{"start":{"line":76,"column":20},"end":{"line":76,"column":33}},{"start":{"line":76,"column":37},"end":{"line":76,"column":38}}],"line":76},"4":{"loc":{"start":{"line":106,"column":8},"end":{"line":106,"column":24}},"type":"default-arg","locations":[{"start":{"line":106,"column":23},"end":{"line":106,"column":24}}],"line":106},"5":{"loc":{"start":{"line":110,"column":4},"end":{"line":114,"column":5}},"type":"if","locations":[{"start":{"line":110,"column":4},"end":{"line":114,"column":5}},{"start":{},"end":{}}],"line":110},"6":{"loc":{"start":{"line":110,"column":8},"end":{"line":110,"column":81}},"type":"binary-expr","locations":[{"start":{"line":110,"column":8},"end":{"line":110,"column":17}},{"start":{"line":110,"column":21},"end":{"line":110,"column":28}},{"start":{"line":110,"column":32},"end":{"line":110,"column":44}},{"start":{"line":110,"column":48},"end":{"line":110,"column":62}},{"start":{"line":110,"column":66},"end":{"line":110,"column":81}}],"line":110},"7":{"loc":{"start":{"line":116,"column":4},"end":{"line":118,"column":5}},"type":"if","locations":[{"start":{"line":116,"column":4},"end":{"line":118,"column":5}},{"start":{},"end":{}}],"line":116},"8":{"loc":{"start":{"line":116,"column":8},"end":{"line":116,"column":64}},"type":"binary-expr","locations":[{"start":{"line":116,"column":8},"end":{"line":116,"column":23}},{"start":{"line":116,"column":27},"end":{"line":116,"column":43}},{"start":{"line":116,"column":47},"end":{"line":116,"column":64}}],"line":116},"9":{"loc":{"start":{"line":120,"column":4},"end":{"line":122,"column":5}},"type":"if","locations":[{"start":{"line":120,"column":4},"end":{"line":122,"column":5}},{"start":{},"end":{}}],"line":120},"10":{"loc":{"start":{"line":120,"column":8},"end":{"line":120,"column":79}},"type":"binary-expr","locations":[{"start":{"line":120,"column":8},"end":{"line":120,"column":28}},{"start":{"line":120,"column":32},"end":{"line":120,"column":53}},{"start":{"line":120,"column":57},"end":{"line":120,"column":79}}],"line":120},"11":{"loc":{"start":{"line":208,"column":22},"end":{"line":208,"column":33}},"type":"default-arg","locations":[{"start":{"line":208,"column":31},"end":{"line":208,"column":33}}],"line":208},"12":{"loc":{"start":{"line":208,"column":35},"end":{"line":208,"column":50}},"type":"default-arg","locations":[{"start":{"line":208,"column":48},"end":{"line":208,"column":50}}],"line":208},"13":{"loc":{"start":{"line":210,"column":4},"end":{"line":212,"column":5}},"type":"if","locations":[{"start":{"line":210,"column":4},"end":{"line":212,"column":5}},{"start":{},"end":{}}],"line":210},"14":{"loc":{"start":{"line":210,"column":8},"end":{"line":210,"column":20}},"type":"binary-expr","locations":[{"start":{"line":210,"column":8},"end":{"line":210,"column":12}},{"start":{"line":210,"column":16},"end":{"line":210,"column":20}}],"line":210},"15":{"loc":{"start":{"line":218,"column":27},"end":{"line":218,"column":43}},"type":"binary-expr","locations":[{"start":{"line":218,"column":27},"end":{"line":218,"column":37}},{"start":{"line":218,"column":41},"end":{"line":218,"column":43}}],"line":218},"16":{"loc":{"start":{"line":223,"column":39},"end":{"line":223,"column":58}},"type":"binary-expr","locations":[{"start":{"line":223,"column":39},"end":{"line":223,"column":49}},{"start":{"line":223,"column":53},"end":{"line":223,"column":58}}],"line":223},"17":{"loc":{"start":{"line":278,"column":33},"end":{"line":278,"column":66}},"type":"binary-expr","locations":[{"start":{"line":278,"column":33},"end":{"line":278,"column":61}},{"start":{"line":278,"column":65},"end":{"line":278,"column":66}}],"line":278},"18":{"loc":{"start":{"line":279,"column":35},"end":{"line":279,"column":70}},"type":"binary-expr","locations":[{"start":{"line":279,"column":35},"end":{"line":279,"column":65}},{"start":{"line":279,"column":69},"end":{"line":279,"column":70}}],"line":279},"19":{"loc":{"start":{"line":316,"column":12},"end":{"line":318,"column":13}},"type":"if","locations":[{"start":{"line":316,"column":12},"end":{"line":318,"column":13}},{"start":{},"end":{}}],"line":316},"20":{"loc":{"start":{"line":316,"column":16},"end":{"line":316,"column":51}},"type":"binary-expr","locations":[{"start":{"line":316,"column":16},"end":{"line":316,"column":26}},{"start":{"line":316,"column":30},"end":{"line":316,"column":51}}],"line":316},"21":{"loc":{"start":{"line":324,"column":30},"end":{"line":324,"column":57}},"type":"binary-expr","locations":[{"start":{"line":324,"column":30},"end":{"line":324,"column":48}},{"start":{"line":324,"column":52},"end":{"line":324,"column":57}}],"line":324},"22":{"loc":{"start":{"line":352,"column":8},"end":{"line":355,"column":9}},"type":"if","locations":[{"start":{"line":352,"column":8},"end":{"line":355,"column":9}},{"start":{},"end":{}}],"line":352},"23":{"loc":{"start":{"line":356,"column":8},"end":{"line":359,"column":9}},"type":"if","locations":[{"start":{"line":356,"column":8},"end":{"line":359,"column":9}},{"start":{},"end":{}}],"line":356},"24":{"loc":{"start":{"line":360,"column":8},"end":{"line":363,"column":9}},"type":"if","locations":[{"start":{"line":360,"column":8},"end":{"line":363,"column":9}},{"start":{},"end":{}}],"line":360},"25":{"loc":{"start":{"line":364,"column":8},"end":{"line":367,"column":9}},"type":"if","locations":[{"start":{"line":364,"column":8},"end":{"line":367,"column":9}},{"start":{},"end":{}}],"line":364},"26":{"loc":{"start":{"line":369,"column":8},"end":{"line":371,"column":9}},"type":"if","locations":[{"start":{"line":369,"column":8},"end":{"line":371,"column":9}},{"start":{},"end":{}}],"line":369},"27":{"loc":{"start":{"line":445,"column":8},"end":{"line":447,"column":9}},"type":"if","locations":[{"start":{"line":445,"column":8},"end":{"line":447,"column":9}},{"start":{},"end":{}}],"line":445},"28":{"loc":{"start":{"line":459,"column":36},"end":{"line":459,"column":91}},"type":"binary-expr","locations":[{"start":{"line":459,"column":36},"end":{"line":459,"column":86}},{"start":{"line":459,"column":90},"end":{"line":459,"column":91}}],"line":459},"29":{"loc":{"start":{"line":511,"column":4},"end":{"line":513,"column":5}},"type":"if","locations":[{"start":{"line":511,"column":4},"end":{"line":513,"column":5}},{"start":{},"end":{}}],"line":511},"30":{"loc":{"start":{"line":515,"column":4},"end":{"line":517,"column":5}},"type":"if","locations":[{"start":{"line":515,"column":4},"end":{"line":517,"column":5}},{"start":{},"end":{}}],"line":515},"31":{"loc":{"start":{"line":515,"column":8},"end":{"line":515,"column":53}},"type":"binary-expr","locations":[{"start":{"line":515,"column":8},"end":{"line":515,"column":27}},{"start":{"line":515,"column":31},"end":{"line":515,"column":53}}],"line":515},"32":{"loc":{"start":{"line":519,"column":4},"end":{"line":521,"column":5}},"type":"if","locations":[{"start":{"line":519,"column":4},"end":{"line":521,"column":5}},{"start":{},"end":{}}],"line":519},"33":{"loc":{"start":{"line":525,"column":4},"end":{"line":529,"column":5}},"type":"if","locations":[{"start":{"line":525,"column":4},"end":{"line":529,"column":5}},{"start":{},"end":{}}],"line":525},"34":{"loc":{"start":{"line":543,"column":8},"end":{"line":545,"column":9}},"type":"if","locations":[{"start":{"line":543,"column":8},"end":{"line":545,"column":9}},{"start":{},"end":{}}],"line":543},"35":{"loc":{"start":{"line":548,"column":29},"end":{"line":548,"column":62}},"type":"binary-expr","locations":[{"start":{"line":548,"column":29},"end":{"line":548,"column":57}},{"start":{"line":548,"column":61},"end":{"line":548,"column":62}}],"line":548},"36":{"loc":{"start":{"line":549,"column":31},"end":{"line":549,"column":66}},"type":"binary-expr","locations":[{"start":{"line":549,"column":31},"end":{"line":549,"column":61}},{"start":{"line":549,"column":65},"end":{"line":549,"column":66}}],"line":549},"37":{"loc":{"start":{"line":554,"column":8},"end":{"line":560,"column":9}},"type":"if","locations":[{"start":{"line":554,"column":8},"end":{"line":560,"column":9}},{"start":{},"end":{}}],"line":554},"38":{"loc":{"start":{"line":563,"column":8},"end":{"line":570,"column":9}},"type":"if","locations":[{"start":{"line":563,"column":8},"end":{"line":570,"column":9}},{"start":{},"end":{}}],"line":563},"39":{"loc":{"start":{"line":578,"column":8},"end":{"line":604,"column":9}},"type":"if","locations":[{"start":{"line":578,"column":8},"end":{"line":604,"column":9}},{"start":{"line":597,"column":15},"end":{"line":604,"column":9}}],"line":578},"40":{"loc":{"start":{"line":580,"column":12},"end":{"line":582,"column":13}},"type":"if","locations":[{"start":{"line":580,"column":12},"end":{"line":582,"column":13}},{"start":{},"end":{}}],"line":580},"41":{"loc":{"start":{"line":583,"column":12},"end":{"line":585,"column":13}},"type":"if","locations":[{"start":{"line":583,"column":12},"end":{"line":585,"column":13}},{"start":{},"end":{}}],"line":583},"42":{"loc":{"start":{"line":653,"column":8},"end":{"line":656,"column":9}},"type":"if","locations":[{"start":{"line":653,"column":8},"end":{"line":656,"column":9}},{"start":{},"end":{}}],"line":653},"43":{"loc":{"start":{"line":743,"column":4},"end":{"line":745,"column":5}},"type":"if","locations":[{"start":{"line":743,"column":4},"end":{"line":745,"column":5}},{"start":{},"end":{}}],"line":743},"44":{"loc":{"start":{"line":749,"column":8},"end":{"line":767,"column":9}},"type":"if","locations":[{"start":{"line":749,"column":8},"end":{"line":767,"column":9}},{"start":{},"end":{}}],"line":749},"45":{"loc":{"start":{"line":757,"column":12},"end":{"line":759,"column":13}},"type":"if","locations":[{"start":{"line":757,"column":12},"end":{"line":759,"column":13}},{"start":{},"end":{}}],"line":757},"46":{"loc":{"start":{"line":762,"column":35},"end":{"line":762,"column":70}},"type":"binary-expr","locations":[{"start":{"line":762,"column":35},"end":{"line":762,"column":65}},{"start":{"line":762,"column":69},"end":{"line":762,"column":70}}],"line":762},"47":{"loc":{"start":{"line":764,"column":12},"end":{"line":766,"column":13}},"type":"if","locations":[{"start":{"line":764,"column":12},"end":{"line":766,"column":13}},{"start":{},"end":{}}],"line":764},"48":{"loc":{"start":{"line":777,"column":8},"end":{"line":779,"column":9}},"type":"if","locations":[{"start":{"line":777,"column":8},"end":{"line":779,"column":9}},{"start":{},"end":{}}],"line":777},"49":{"loc":{"start":{"line":783,"column":21},"end":{"line":783,"column":96}},"type":"cond-expr","locations":[{"start":{"line":783,"column":46},"end":{"line":783,"column":70}},{"start":{"line":783,"column":73},"end":{"line":783,"column":96}}],"line":783},"50":{"loc":{"start":{"line":887,"column":8},"end":{"line":889,"column":9}},"type":"if","locations":[{"start":{"line":887,"column":8},"end":{"line":889,"column":9}},{"start":{},"end":{}}],"line":887},"51":{"loc":{"start":{"line":894,"column":8},"end":{"line":898,"column":9}},"type":"if","locations":[{"start":{"line":894,"column":8},"end":{"line":898,"column":9}},{"start":{},"end":{}}],"line":894},"52":{"loc":{"start":{"line":896,"column":68},"end":{"line":896,"column":130}},"type":"cond-expr","locations":[{"start":{"line":896,"column":101},"end":{"line":896,"column":113}},{"start":{"line":896,"column":116},"end":{"line":896,"column":130}}],"line":896},"53":{"loc":{"start":{"line":930,"column":4},"end":{"line":934,"column":5}},"type":"if","locations":[{"start":{"line":930,"column":4},"end":{"line":934,"column":5}},{"start":{},"end":{}}],"line":930},"54":{"loc":{"start":{"line":943,"column":8},"end":{"line":945,"column":9}},"type":"if","locations":[{"start":{"line":943,"column":8},"end":{"line":945,"column":9}},{"start":{},"end":{}}],"line":943},"55":{"loc":{"start":{"line":950,"column":8},"end":{"line":954,"column":9}},"type":"if","locations":[{"start":{"line":950,"column":8},"end":{"line":954,"column":9}},{"start":{},"end":{}}],"line":950},"56":{"loc":{"start":{"line":950,"column":12},"end":{"line":950,"column":74}},"type":"binary-expr","locations":[{"start":{"line":950,"column":12},"end":{"line":950,"column":36}},{"start":{"line":950,"column":40},"end":{"line":950,"column":74}}],"line":950},"57":{"loc":{"start":{"line":956,"column":8},"end":{"line":960,"column":9}},"type":"if","locations":[{"start":{"line":956,"column":8},"end":{"line":960,"column":9}},{"start":{},"end":{}}],"line":956},"58":{"loc":{"start":{"line":956,"column":12},"end":{"line":956,"column":74}},"type":"binary-expr","locations":[{"start":{"line":956,"column":12},"end":{"line":956,"column":34}},{"start":{"line":956,"column":38},"end":{"line":956,"column":74}}],"line":956},"59":{"loc":{"start":{"line":973,"column":31},"end":{"line":973,"column":123}},"type":"cond-expr","locations":[{"start":{"line":973,"column":58},"end":{"line":973,"column":68}},{"start":{"line":973,"column":71},"end":{"line":973,"column":123}}],"line":973},"60":{"loc":{"start":{"line":973,"column":71},"end":{"line":973,"column":123}},"type":"cond-expr","locations":[{"start":{"line":973,"column":96},"end":{"line":973,"column":108}},{"start":{"line":973,"column":111},"end":{"line":973,"column":123}}],"line":973}},"s":{"0":1,"1":1,"2":3,"3":3,"4":1,"5":2,"6":2,"7":2,"8":2,"9":2,"10":2,"11":1,"12":1,"13":1,"14":1,"15":1,"16":1,"17":5,"18":5,"19":1,"20":4,"21":1,"22":3,"23":1,"24":2,"25":2,"26":1,"27":1,"28":1,"29":1,"30":2,"31":2,"32":2,"33":1,"34":1,"35":1,"36":1,"37":1,"38":1,"39":4,"40":4,"41":1,"42":3,"43":3,"44":3,"45":3,"46":3,"47":3,"48":3,"49":3,"50":3,"51":3,"52":3,"53":2,"54":2,"55":2,"56":2,"57":2,"58":2,"59":2,"60":2,"61":2,"62":1,"63":2,"64":2,"65":2,"66":2,"67":1,"68":1,"69":1,"70":3,"71":3,"72":3,"73":3,"74":3,"75":3,"76":3,"77":1,"78":1,"79":3,"80":2,"81":2,"82":3,"83":1,"84":1,"85":3,"86":1,"87":1,"88":3,"89":1,"90":2,"91":2,"92":2,"93":2,"94":2,"95":2,"96":1,"97":1,"98":1,"99":1,"100":1,"101":2,"102":2,"103":2,"104":1,"105":1,"106":1,"107":1,"108":3,"109":3,"110":3,"111":2,"112":1,"113":1,"114":1,"115":1,"116":1,"117":1,"118":1,"119":1,"120":1,"121":12,"122":12,"123":12,"124":1,"125":11,"126":1,"127":10,"128":1,"129":9,"130":9,"131":1,"132":8,"133":8,"134":7,"135":1,"136":6,"137":6,"138":6,"139":6,"140":6,"141":6,"142":1,"143":5,"144":1,"145":4,"146":4,"147":3,"148":3,"149":1,"150":2,"151":1,"152":1,"153":1,"154":2,"155":1,"156":1,"157":1,"158":3,"159":3,"160":3,"161":3,"162":3,"163":3,"164":1,"165":1,"166":3,"167":3,"168":2,"169":1,"170":2,"171":1,"172":1,"173":1,"174":2,"175":2,"176":2,"177":1,"178":1,"179":1,"180":1,"181":1,"182":1,"183":7,"184":7,"185":7,"186":1,"187":6,"188":6,"189":5,"190":4,"191":1,"192":3,"193":3,"194":3,"195":1,"196":3,"197":3,"198":1,"199":2,"200":1,"201":1,"202":1,"203":2,"204":2,"205":2,"206":2,"207":1,"208":1,"209":1,"210":1,"211":1,"212":1,"213":4,"214":4,"215":4,"216":3,"217":1,"218":2,"219":2,"220":1,"221":1,"222":1,"223":1,"224":1,"225":1,"226":6,"227":6,"228":6,"229":6,"230":1,"231":5,"232":5,"233":4,"234":1,"235":3,"236":3,"237":1,"238":2,"239":1,"240":1,"241":1,"242":1,"243":1,"244":1,"245":1,"246":1,"247":1,"248":1,"249":1,"250":1,"251":1,"252":1,"253":1,"254":1,"255":1,"256":1,"257":1},"f":{"0":3,"1":1,"2":5,"3":2,"4":1,"5":4,"6":2,"7":3,"8":2,"9":3,"10":12,"11":3,"12":1,"13":2,"14":1,"15":7,"16":2,"17":1,"18":4,"19":6},"b":{"0":[0],"1":[1,2],"2":[3,2],"3":[1,0],"4":[0],"5":[1,4],"6":[5,4,4,4,4],"7":[1,3],"8":[4,3,3],"9":[1,2],"10":[3,2,2],"11":[0],"12":[3],"13":[1,3],"14":[4,3],"15":[3,2],"16":[3,2],"17":[2,2],"18":[2,0],"19":[1,1],"20":[2,1],"21":[2,1],"22":[1,2],"23":[2,1],"24":[1,2],"25":[1,2],"26":[1,2],"27":[1,1],"28":[1,0],"29":[1,11],"30":[1,10],"31":[11,10],"32":[1,9],"33":[1,8],"34":[1,6],"35":[6,4],"36":[6,4],"37":[1,5],"38":[1,4],"39":[3,1],"40":[1,2],"41":[1,1],"42":[1,2],"43":[1,6],"44":[5,1],"45":[1,3],"46":[3,0],"47":[1,2],"48":[1,2],"49":[1,1],"50":[1,2],"51":[1,1],"52":[1,0],"53":[1,5],"54":[1,3],"55":[1,2],"56":[3,2],"57":[1,1],"58":[2,1],"59":[1,0],"60":[0,0]},"_coverageSchema":"1a1c01bbd47fc00a2c39e90264f33305004495a9","hash":"e4db24bfe2b8c803b09dc69048817631ab5da3b2"}
,"C:\\Users\\Yure Pires\\Documents\\UmBora\\backend\\routes\\userRoutes.js": {"path":"C:\\Users\\Yure Pires\\Documents\\UmBora\\backend\\routes\\userRoutes.js","statementMap":{"0":{"start":{"line":5,"column":15},"end":{"line":5,"column":31}},"1":{"start":{"line":6,"column":19},"end":{"line":6,"column":21}},"2":{"start":{"line":10,"column":30},"end":{"line":40,"column":1}},"3":{"start":{"line":11,"column":23},"end":{"line":11,"column":33}},"4":{"start":{"line":13,"column":4},"end":{"line":39,"column":5}},"5":{"start":{"line":14,"column":23},"end":{"line":17,"column":9}},"6":{"start":{"line":19,"column":8},"end":{"line":23,"column":9}},"7":{"start":{"line":20,"column":12},"end":{"line":22,"column":15}},"8":{"start":{"line":25,"column":21},"end":{"line":25,"column":35}},"9":{"start":{"line":27,"column":8},"end":{"line":34,"column":11}},"10":{"start":{"line":37,"column":8},"end":{"line":37,"column":54}},"11":{"start":{"line":38,"column":8},"end":{"line":38,"column":71}},"12":{"start":{"line":44,"column":33},"end":{"line":142,"column":1}},"13":{"start":{"line":45,"column":23},"end":{"line":45,"column":33}},"14":{"start":{"line":46,"column":45},"end":{"line":46,"column":53}},"15":{"start":{"line":49,"column":23},"end":{"line":49,"column":51}},"16":{"start":{"line":50,"column":4},"end":{"line":52,"column":5}},"17":{"start":{"line":51,"column":8},"end":{"line":51,"column":80}},"18":{"start":{"line":55,"column":23},"end":{"line":55,"column":36}},"19":{"start":{"line":56,"column":4},"end":{"line":60,"column":5}},"20":{"start":{"line":57,"column":8},"end":{"line":59,"column":11}},"21":{"start":{"line":63,"column":4},"end":{"line":67,"column":5}},"22":{"start":{"line":64,"column":8},"end":{"line":66,"column":11}},"23":{"start":{"line":69,"column":4},"end":{"line":141,"column":5}},"24":{"start":{"line":71,"column":26},"end":{"line":74,"column":9}},"25":{"start":{"line":76,"column":8},"end":{"line":78,"column":9}},"26":{"start":{"line":77,"column":12},"end":{"line":77,"column":80}},"27":{"start":{"line":81,"column":29},"end":{"line":81,"column":31}},"28":{"start":{"line":82,"column":29},"end":{"line":82,"column":31}},"29":{"start":{"line":83,"column":25},"end":{"line":83,"column":26}},"30":{"start":{"line":85,"column":8},"end":{"line":88,"column":9}},"31":{"start":{"line":86,"column":12},"end":{"line":86,"column":57}},"32":{"start":{"line":87,"column":12},"end":{"line":87,"column":43}},"33":{"start":{"line":90,"column":8},"end":{"line":93,"column":9}},"34":{"start":{"line":91,"column":12},"end":{"line":91,"column":58}},"35":{"start":{"line":92,"column":12},"end":{"line":92,"column":51}},"36":{"start":{"line":95,"column":8},"end":{"line":98,"column":9}},"37":{"start":{"line":96,"column":12},"end":{"line":96,"column":58}},"38":{"start":{"line":97,"column":12},"end":{"line":97,"column":56}},"39":{"start":{"line":100,"column":8},"end":{"line":104,"column":9}},"40":{"start":{"line":101,"column":33},"end":{"line":101,"column":72}},"41":{"start":{"line":102,"column":12},"end":{"line":102,"column":66}},"42":{"start":{"line":103,"column":12},"end":{"line":103,"column":44}},"43":{"start":{"line":107,"column":8},"end":{"line":111,"column":9}},"44":{"start":{"line":108,"column":12},"end":{"line":110,"column":15}},"45":{"start":{"line":114,"column":8},"end":{"line":114,"column":34}},"46":{"start":{"line":115,"column":8},"end":{"line":118,"column":10}},"47":{"start":{"line":121,"column":28},"end":{"line":124,"column":9}},"48":{"start":{"line":126,"column":8},"end":{"line":129,"column":11}},"49":{"start":{"line":133,"column":8},"end":{"line":137,"column":9}},"50":{"start":{"line":134,"column":12},"end":{"line":136,"column":15}},"51":{"start":{"line":139,"column":8},"end":{"line":139,"column":57}},"52":{"start":{"line":140,"column":8},"end":{"line":140,"column":71}},"53":{"start":{"line":144,"column":0},"end":{"line":144,"column":39}},"54":{"start":{"line":145,"column":0},"end":{"line":145,"column":42}}},"fnMap":{"0":{"name":"(anonymous_0)","decl":{"start":{"line":10,"column":30},"end":{"line":10,"column":31}},"loc":{"start":{"line":10,"column":50},"end":{"line":40,"column":1}},"line":10},"1":{"name":"(anonymous_1)","decl":{"start":{"line":44,"column":33},"end":{"line":44,"column":34}},"loc":{"start":{"line":44,"column":53},"end":{"line":142,"column":1}},"line":44}},"branchMap":{"0":{"loc":{"start":{"line":19,"column":8},"end":{"line":23,"column":9}},"type":"if","locations":[{"start":{"line":19,"column":8},"end":{"line":23,"column":9}},{"start":{},"end":{}}],"line":19},"1":{"loc":{"start":{"line":50,"column":4},"end":{"line":52,"column":5}},"type":"if","locations":[{"start":{"line":50,"column":4},"end":{"line":52,"column":5}},{"start":{},"end":{}}],"line":50},"2":{"loc":{"start":{"line":50,"column":8},"end":{"line":50,"column":40}},"type":"binary-expr","locations":[{"start":{"line":50,"column":8},"end":{"line":50,"column":13}},{"start":{"line":50,"column":17},"end":{"line":50,"column":40}}],"line":50},"3":{"loc":{"start":{"line":56,"column":4},"end":{"line":60,"column":5}},"type":"if","locations":[{"start":{"line":56,"column":4},"end":{"line":60,"column":5}},{"start":{},"end":{}}],"line":56},"4":{"loc":{"start":{"line":56,"column":8},"end":{"line":56,"column":59}},"type":"binary-expr","locations":[{"start":{"line":56,"column":8},"end":{"line":56,"column":13}},{"start":{"line":56,"column":17},"end":{"line":56,"column":59}}],"line":56},"5":{"loc":{"start":{"line":63,"column":4},"end":{"line":67,"column":5}},"type":"if","locations":[{"start":{"line":63,"column":4},"end":{"line":67,"column":5}},{"start":{},"end":{}}],"line":63},"6":{"loc":{"start":{"line":63,"column":8},"end":{"line":63,"column":39}},"type":"binary-expr","locations":[{"start":{"line":63,"column":8},"end":{"line":63,"column":16}},{"start":{"line":63,"column":20},"end":{"line":63,"column":39}}],"line":63},"7":{"loc":{"start":{"line":76,"column":8},"end":{"line":78,"column":9}},"type":"if","locations":[{"start":{"line":76,"column":8},"end":{"line":78,"column":9}},{"start":{},"end":{}}],"line":76},"8":{"loc":{"start":{"line":85,"column":8},"end":{"line":88,"column":9}},"type":"if","locations":[{"start":{"line":85,"column":8},"end":{"line":88,"column":9}},{"start":{},"end":{}}],"line":85},"9":{"loc":{"start":{"line":85,"column":12},"end":{"line":85,"column":52}},"type":"binary-expr","locations":[{"start":{"line":85,"column":12},"end":{"line":85,"column":30}},{"start":{"line":85,"column":34},"end":{"line":85,"column":52}}],"line":85},"10":{"loc":{"start":{"line":90,"column":8},"end":{"line":93,"column":9}},"type":"if","locations":[{"start":{"line":90,"column":8},"end":{"line":93,"column":9}},{"start":{},"end":{}}],"line":90},"11":{"loc":{"start":{"line":95,"column":8},"end":{"line":98,"column":9}},"type":"if","locations":[{"start":{"line":95,"column":8},"end":{"line":98,"column":9}},{"start":{},"end":{}}],"line":95},"12":{"loc":{"start":{"line":100,"column":8},"end":{"line":104,"column":9}},"type":"if","locations":[{"start":{"line":100,"column":8},"end":{"line":104,"column":9}},{"start":{},"end":{}}],"line":100},"13":{"loc":{"start":{"line":100,"column":12},"end":{"line":100,"column":60}},"type":"binary-expr","locations":[{"start":{"line":100,"column":12},"end":{"line":100,"column":34}},{"start":{"line":100,"column":38},"end":{"line":100,"column":60}}],"line":100},"14":{"loc":{"start":{"line":107,"column":8},"end":{"line":111,"column":9}},"type":"if","locations":[{"start":{"line":107,"column":8},"end":{"line":111,"column":9}},{"start":{},"end":{}}],"line":107},"15":{"loc":{"start":{"line":133,"column":8},"end":{"line":137,"column":9}},"type":"if","locations":[{"start":{"line":133,"column":8},"end":{"line":137,"column":9}},{"start":{},"end":{}}],"line":133},"16":{"loc":{"start":{"line":133,"column":12},"end":{"line":133,"column":86}},"type":"binary-expr","locations":[{"start":{"line":133,"column":12},"end":{"line":133,"column":32}},{"start":{"line":133,"column":36},"end":{"line":133,"column":50}},{"start":{"line":133,"column":54},"end":{"line":133,"column":86}}],"line":133}},"s":{"0":1,"1":1,"2":1,"3":3,"4":3,"5":3,"6":2,"7":1,"8":1,"9":1,"10":1,"11":1,"12":1,"13":9,"14":9,"15":9,"16":9,"17":1,"18":8,"19":8,"20":1,"21":7,"22":1,"23":6,"24":6,"25":5,"26":1,"27":4,"28":4,"29":4,"30":4,"31":1,"32":1,"33":4,"34":2,"35":2,"36":4,"37":1,"38":1,"39":4,"40":1,"41":1,"42":1,"43":4,"44":1,"45":3,"46":3,"47":2,"48":2,"49":2,"50":1,"51":1,"52":1,"53":1,"54":1},"f":{"0":3,"1":9},"b":{"0":[1,1],"1":[1,8],"2":[9,3],"3":[1,7],"4":[8,2],"5":[1,6],"6":[7,3],"7":[1,4],"8":[1,3],"9":[4,2],"10":[2,2],"11":[1,3],"12":[1,3],"13":[4,2],"14":[1,3],"15":[1,1],"16":[2,1,1]},"_coverageSchema":"1a1c01bbd47fc00a2c39e90264f33305004495a9","hash":"bee219ae364a95c00f4bb95a76509326c4359b41"}
}
