TN:
SF:routes\driverRoutes.js
FN:8,(anonymous_0)
FN:89,(anonymous_1)
FN:159,(anonymous_2)
FNF:3
FNH:1
FNDA:7,(anonymous_0)
FNDA:0,(anonymous_1)
FNDA:0,(anonymous_2)
DA:4,1
DA:8,1
DA:18,7
DA:20,7
DA:21,1
DA:26,6
DA:28,6
DA:29,6
DA:32,5
DA:37,5
DA:38,1
DA:39,1
DA:45,4
DA:52,2
DA:55,2
DA:60,1
DA:62,1
DA:68,4
DA:70,4
DA:71,3
DA:72,1
DA:74,2
DA:75,1
DA:77,1
DA:80,1
DA:81,1
DA:83,6
DA:89,1
DA:90,0
DA:92,0
DA:93,0
DA:117,0
DA:118,0
DA:124,0
DA:126,0
DA:152,0
DA:153,0
DA:159,1
DA:160,0
DA:168,0
DA:170,0
DA:172,0
DA:173,0
DA:176,0
DA:181,0
DA:182,0
DA:183,0
DA:186,0
DA:189,0
DA:190,0
DA:191,0
DA:193,0
DA:194,0
DA:195,0
DA:197,0
DA:198,0
DA:199,0
DA:201,0
DA:202,0
DA:203,0
DA:206,0
DA:207,0
DA:208,0
DA:215,0
DA:216,0
DA:217,0
DA:219,0
DA:220,0
DA:221,0
DA:223,0
DA:224,0
DA:225,0
DA:227,0
DA:228,0
DA:229,0
DA:232,0
DA:233,0
DA:234,0
DA:240,0
DA:242,0
DA:247,0
DA:249,0
DA:250,0
DA:253,0
DA:254,0
DA:256,0
DA:260,1
LF:87
LH:30
BRDA:17,0,0,7
BRDA:20,1,0,1
BRDA:20,1,1,6
BRDA:20,2,0,7
BRDA:20,2,1,7
BRDA:20,2,2,6
BRDA:20,2,3,6
BRDA:20,2,4,6
BRDA:37,3,0,1
BRDA:37,3,1,4
BRDA:70,4,0,3
BRDA:70,4,1,1
BRDA:71,5,0,1
BRDA:71,5,1,2
BRDA:71,6,0,3
BRDA:71,6,1,3
BRDA:74,7,0,1
BRDA:74,7,1,1
BRDA:74,8,0,2
BRDA:74,8,1,2
BRDA:117,9,0,0
BRDA:117,9,1,0
BRDA:134,10,0,0
BRDA:134,10,1,0
BRDA:134,11,0,0
BRDA:134,11,1,0
BRDA:181,12,0,0
BRDA:181,12,1,0
BRDA:193,13,0,0
BRDA:193,13,1,0
BRDA:197,14,0,0
BRDA:197,14,1,0
BRDA:201,15,0,0
BRDA:201,15,1,0
BRDA:206,16,0,0
BRDA:206,16,1,0
BRDA:219,17,0,0
BRDA:219,17,1,0
BRDA:223,18,0,0
BRDA:223,18,1,0
BRDA:227,19,0,0
BRDA:227,19,1,0
BRDA:232,20,0,0
BRDA:232,20,1,0
BRDA:249,21,0,0
BRDA:249,21,1,0
BRDA:249,22,0,0
BRDA:249,22,1,0
BRDA:249,22,2,0
BRF:49
BRH:20
end_of_record
