TN:
SF:routes\authRoutes.js
FN:8,(anonymous_0)
FN:34,(anonymous_1)
FNF:2
FNH:2
FNDA:4,(anonymous_0)
FNDA:5,(anonymous_1)
DA:5,1
DA:6,1
DA:8,1
DA:9,4
DA:11,4
DA:12,1
DA:14,3
DA:15,3
DA:16,2
DA:21,1
DA:26,2
DA:27,1
DA:29,1
DA:30,1
DA:34,1
DA:35,5
DA:37,5
DA:38,1
DA:41,4
DA:42,4
DA:47,3
DA:48,1
DA:51,2
DA:53,2
DA:55,2
DA:56,1
DA:59,1
DA:64,1
DA:65,1
DA:69,1
DA:70,1
LF:31
LH:31
BRDA:11,0,0,1
BRDA:11,0,1,3
BRDA:11,1,0,4
BRDA:11,1,1,4
BRDA:11,1,2,3
BRDA:26,2,0,1
BRDA:26,2,1,1
BRDA:37,3,0,1
BRDA:37,3,1,4
BRDA:37,4,0,5
BRDA:37,4,1,5
BRDA:47,5,0,1
BRDA:47,5,1,2
BRDA:55,6,0,1
BRDA:55,6,1,1
BRF:15
BRH:15
end_of_record
TN:
SF:routes\driverRoutes.js
FN:8,(anonymous_0)
FN:89,(anonymous_1)
FN:159,(anonymous_2)
FNF:3
FNH:3
FNDA:7,(anonymous_0)
FNDA:4,(anonymous_1)
FNDA:6,(anonymous_2)
DA:4,3
DA:8,3
DA:18,7
DA:20,7
DA:21,1
DA:26,6
DA:28,6
DA:29,6
DA:32,5
DA:37,5
DA:38,1
DA:39,1
DA:45,4
DA:52,2
DA:55,2
DA:60,1
DA:62,1
DA:68,4
DA:70,4
DA:71,3
DA:72,1
DA:74,2
DA:75,1
DA:77,1
DA:80,1
DA:81,1
DA:83,6
DA:89,3
DA:90,4
DA:92,4
DA:93,4
DA:117,3
DA:118,1
DA:124,2
DA:126,2
DA:152,1
DA:153,1
DA:159,3
DA:160,6
DA:168,6
DA:170,6
DA:172,6
DA:173,6
DA:176,5
DA:181,5
DA:182,1
DA:183,1
DA:186,4
DA:189,4
DA:190,4
DA:191,4
DA:193,4
DA:194,1
DA:195,1
DA:197,4
DA:198,1
DA:199,1
DA:201,4
DA:202,1
DA:203,1
DA:206,4
DA:207,2
DA:208,2
DA:215,4
DA:216,4
DA:217,4
DA:219,4
DA:220,1
DA:221,1
DA:223,4
DA:224,1
DA:225,1
DA:227,4
DA:228,1
DA:229,1
DA:232,4
DA:233,3
DA:234,3
DA:240,3
DA:242,3
DA:247,2
DA:249,2
DA:250,1
DA:253,1
DA:254,1
DA:256,6
DA:260,3
DA:261,3
DA:262,3
LF:89
LH:89
BRDA:17,0,0,7
BRDA:20,1,0,1
BRDA:20,1,1,6
BRDA:20,2,0,7
BRDA:20,2,1,7
BRDA:20,2,2,6
BRDA:20,2,3,6
BRDA:20,2,4,6
BRDA:37,3,0,1
BRDA:37,3,1,4
BRDA:70,4,0,3
BRDA:70,4,1,1
BRDA:71,5,0,1
BRDA:71,5,1,2
BRDA:74,6,0,1
BRDA:74,6,1,1
BRDA:117,7,0,1
BRDA:117,7,1,2
BRDA:134,8,0,1
BRDA:134,8,1,1
BRDA:134,9,0,2
BRDA:134,9,1,1
BRDA:181,10,0,1
BRDA:181,10,1,4
BRDA:193,11,0,1
BRDA:193,11,1,3
BRDA:197,12,0,1
BRDA:197,12,1,3
BRDA:201,13,0,1
BRDA:201,13,1,3
BRDA:206,14,0,2
BRDA:206,14,1,2
BRDA:219,15,0,1
BRDA:219,15,1,3
BRDA:223,16,0,1
BRDA:223,16,1,3
BRDA:227,17,0,1
BRDA:227,17,1,3
BRDA:232,18,0,3
BRDA:232,18,1,1
BRDA:249,19,0,1
BRDA:249,19,1,1
BRDA:249,20,0,2
BRDA:249,20,1,1
BRF:44
BRH:44
end_of_record
TN:
SF:routes\passengerRoutes.js
FN:6,(anonymous_0)
FN:31,(anonymous_1)
FNF:2
FNH:2
FNDA:4,(anonymous_0)
FNDA:3,(anonymous_1)
DA:4,2
DA:6,2
DA:7,4
DA:9,4
DA:10,1
DA:13,3
DA:14,3
DA:21,1
DA:23,2
DA:24,1
DA:26,1
DA:27,1
DA:31,2
DA:32,3
DA:34,3
DA:35,3
DA:40,2
DA:41,1
DA:44,1
DA:49,1
DA:50,1
DA:54,2
DA:55,2
LF:23
LH:23
BRDA:9,0,0,1
BRDA:9,0,1,3
BRDA:9,1,0,4
BRDA:9,1,1,4
BRDA:23,2,0,1
BRDA:23,2,1,1
BRDA:40,3,0,1
BRDA:40,3,1,1
BRF:8
BRH:8
end_of_record
TN:
SF:routes\rideRoutes.js
FN:11,(anonymous_0)
FN:64,(anonymous_1)
FN:99,(anonymous_2)
FN:157,(anonymous_3)
FN:177,(anonymous_4)
FN:207,(anonymous_5)
FN:277,(anonymous_6)
FN:343,(anonymous_7)
FN:403,(anonymous_8)
FN:423,(anonymous_9)
FN:506,(anonymous_10)
FN:621,(anonymous_11)
FN:662,(anonymous_12)
FN:701,(anonymous_13)
FN:718,(anonymous_14)
FN:739,(anonymous_15)
FN:796,(anonymous_16)
FN:832,(anonymous_17)
FN:877,(anonymous_18)
FN:924,(anonymous_19)
FNF:20
FNH:20
FNDA:3,(anonymous_0)
FNDA:1,(anonymous_1)
FNDA:5,(anonymous_2)
FNDA:2,(anonymous_3)
FNDA:1,(anonymous_4)
FNDA:4,(anonymous_5)
FNDA:2,(anonymous_6)
FNDA:3,(anonymous_7)
FNDA:2,(anonymous_8)
FNDA:3,(anonymous_9)
FNDA:12,(anonymous_10)
FNDA:3,(anonymous_11)
FNDA:1,(anonymous_12)
FNDA:2,(anonymous_13)
FNDA:1,(anonymous_14)
FNDA:7,(anonymous_15)
FNDA:2,(anonymous_16)
FNDA:1,(anonymous_17)
FNDA:4,(anonymous_18)
FNDA:6,(anonymous_19)
DA:4,1
DA:11,1
DA:12,3
DA:14,3
DA:15,1
DA:20,2
DA:22,2
DA:23,2
DA:24,2
DA:28,2
DA:61,2
DA:64,1
DA:80,1
DA:87,1
DA:88,1
DA:99,1
DA:107,5
DA:110,5
DA:111,1
DA:116,4
DA:117,1
DA:120,3
DA:121,1
DA:124,2
DA:125,2
DA:142,1
DA:148,1
DA:149,1
DA:157,1
DA:158,2
DA:160,2
DA:161,2
DA:177,1
DA:196,1
DA:198,1
DA:199,1
DA:207,1
DA:208,4
DA:210,4
DA:211,1
DA:214,3
DA:215,3
DA:216,3
DA:217,3
DA:218,3
DA:220,3
DA:221,3
DA:222,3
DA:223,3
DA:226,3
DA:273,3
DA:275,2
DA:277,2
DA:278,2
DA:279,2
DA:280,2
DA:281,2
DA:282,2
DA:284,2
DA:316,2
DA:317,1
DA:320,2
DA:327,2
DA:330,2
DA:332,2
DA:334,1
DA:335,1
DA:343,1
DA:344,3
DA:345,3
DA:347,3
DA:348,3
DA:349,3
DA:350,3
DA:352,3
DA:353,1
DA:354,1
DA:356,3
DA:357,2
DA:358,2
DA:360,3
DA:361,1
DA:362,1
DA:364,3
DA:365,1
DA:366,1
DA:369,3
DA:370,1
DA:374,2
DA:377,2
DA:379,2
DA:381,2
DA:382,2
DA:384,2
DA:386,1
DA:388,1
DA:394,1
DA:395,1
DA:403,1
DA:404,2
DA:406,2
DA:407,2
DA:412,1
DA:414,1
DA:415,1
DA:423,1
DA:424,3
DA:426,3
DA:428,3
DA:445,2
DA:446,1
DA:449,1
DA:452,1
DA:459,1
DA:460,1
DA:462,1
DA:497,1
DA:498,1
DA:506,1
DA:507,12
DA:508,12
DA:511,12
DA:512,1
DA:515,11
DA:516,1
DA:519,10
DA:520,1
DA:524,9
DA:525,9
DA:526,1
DA:531,8
DA:534,8
DA:543,7
DA:544,1
DA:547,6
DA:548,6
DA:549,6
DA:550,6
DA:551,6
DA:554,6
DA:555,1
DA:563,5
DA:564,1
DA:573,4
DA:578,4
DA:579,3
DA:580,3
DA:581,1
DA:583,2
DA:584,1
DA:587,1
DA:599,1
DA:606,2
DA:612,1
DA:613,1
DA:621,1
DA:622,3
DA:623,3
DA:625,3
DA:626,3
DA:650,3
DA:653,3
DA:654,1
DA:655,1
DA:658,3
DA:660,3
DA:662,2
DA:686,2
DA:692,1
DA:693,1
DA:701,1
DA:702,2
DA:704,2
DA:705,2
DA:718,1
DA:728,1
DA:730,1
DA:731,1
DA:739,1
DA:740,7
DA:741,7
DA:743,7
DA:744,1
DA:747,6
DA:749,6
DA:750,5
DA:757,4
DA:758,1
DA:761,3
DA:762,3
DA:764,3
DA:765,1
DA:769,3
DA:777,3
DA:778,1
DA:781,2
DA:787,1
DA:788,1
DA:796,1
DA:797,2
DA:799,2
DA:800,2
DA:830,2
DA:832,1
DA:862,1
DA:868,1
DA:869,1
DA:877,1
DA:878,4
DA:880,4
DA:882,4
DA:887,3
DA:888,1
DA:891,2
DA:894,2
DA:895,1
DA:901,1
DA:909,1
DA:915,1
DA:916,1
DA:924,1
DA:925,6
DA:926,6
DA:929,6
DA:930,6
DA:931,1
DA:936,5
DA:938,5
DA:943,4
DA:944,1
DA:947,3
DA:950,3
DA:951,1
DA:956,2
DA:957,1
DA:963,1
DA:972,1
DA:973,1
DA:974,0
DA:975,0
DA:977,0
DA:980,1
DA:986,1
DA:987,1
DA:991,1
DA:992,1
DA:993,1
DA:994,1
DA:995,1
DA:996,1
DA:997,1
DA:998,1
DA:999,1
DA:1000,1
DA:1001,1
DA:1002,1
DA:1003,1
DA:1004,1
LF:258
LH:255
BRDA:12,0,0,0
BRDA:14,1,0,1
BRDA:14,1,1,2
BRDA:14,2,0,3
BRDA:14,2,1,2
BRDA:76,3,0,1
BRDA:76,3,1,0
BRDA:106,4,0,0
BRDA:110,5,0,1
BRDA:110,5,1,4
BRDA:110,6,0,5
BRDA:110,6,1,4
BRDA:110,6,2,4
BRDA:110,6,3,4
BRDA:110,6,4,4
BRDA:116,7,0,1
BRDA:116,7,1,3
BRDA:116,8,0,4
BRDA:116,8,1,3
BRDA:116,8,2,3
BRDA:120,9,0,1
BRDA:120,9,1,2
BRDA:120,10,0,3
BRDA:120,10,1,2
BRDA:120,10,2,2
BRDA:208,11,0,0
BRDA:208,12,0,3
BRDA:210,13,0,1
BRDA:210,13,1,3
BRDA:210,14,0,4
BRDA:210,14,1,3
BRDA:218,15,0,3
BRDA:218,15,1,2
BRDA:223,16,0,3
BRDA:223,16,1,2
BRDA:278,17,0,2
BRDA:278,17,1,2
BRDA:279,18,0,2
BRDA:279,18,1,0
BRDA:316,19,0,1
BRDA:316,19,1,1
BRDA:316,20,0,2
BRDA:316,20,1,1
BRDA:324,21,0,2
BRDA:324,21,1,1
BRDA:352,22,0,1
BRDA:352,22,1,2
BRDA:356,23,0,2
BRDA:356,23,1,1
BRDA:360,24,0,1
BRDA:360,24,1,2
BRDA:364,25,0,1
BRDA:364,25,1,2
BRDA:369,26,0,1
BRDA:369,26,1,2
BRDA:445,27,0,1
BRDA:445,27,1,1
BRDA:459,28,0,1
BRDA:459,28,1,0
BRDA:511,29,0,1
BRDA:511,29,1,11
BRDA:515,30,0,1
BRDA:515,30,1,10
BRDA:515,31,0,11
BRDA:515,31,1,10
BRDA:519,32,0,1
BRDA:519,32,1,9
BRDA:525,33,0,1
BRDA:525,33,1,8
BRDA:543,34,0,1
BRDA:543,34,1,6
BRDA:548,35,0,6
BRDA:548,35,1,4
BRDA:549,36,0,6
BRDA:549,36,1,4
BRDA:554,37,0,1
BRDA:554,37,1,5
BRDA:563,38,0,1
BRDA:563,38,1,4
BRDA:578,39,0,3
BRDA:578,39,1,1
BRDA:580,40,0,1
BRDA:580,40,1,2
BRDA:583,41,0,1
BRDA:583,41,1,1
BRDA:653,42,0,1
BRDA:653,42,1,2
BRDA:743,43,0,1
BRDA:743,43,1,6
BRDA:749,44,0,5
BRDA:749,44,1,1
BRDA:757,45,0,1
BRDA:757,45,1,3
BRDA:762,46,0,3
BRDA:762,46,1,0
BRDA:764,47,0,1
BRDA:764,47,1,2
BRDA:777,48,0,1
BRDA:777,48,1,2
BRDA:783,49,0,1
BRDA:783,49,1,1
BRDA:887,50,0,1
BRDA:887,50,1,2
BRDA:894,51,0,1
BRDA:894,51,1,1
BRDA:896,52,0,1
BRDA:896,52,1,0
BRDA:930,53,0,1
BRDA:930,53,1,5
BRDA:943,54,0,1
BRDA:943,54,1,3
BRDA:950,55,0,1
BRDA:950,55,1,2
BRDA:950,56,0,3
BRDA:950,56,1,2
BRDA:956,57,0,1
BRDA:956,57,1,1
BRDA:956,58,0,2
BRDA:956,58,1,1
BRDA:972,59,0,1
BRDA:972,59,1,0
BRDA:974,60,0,0
BRDA:974,60,1,0
BRF:123
BRH:112
end_of_record
TN:
SF:routes\userRoutes.js
FN:10,(anonymous_0)
FN:43,validateUserInput
FN:62,buildUpdateQuery
FN:93,(anonymous_3)
FNF:4
FNH:4
FNDA:3,(anonymous_0)
FNDA:9,validateUserInput
FNDA:4,buildUpdateQuery
FNDA:9,(anonymous_3)
DA:5,1
DA:6,1
DA:10,1
DA:11,3
DA:13,3
DA:14,3
DA:19,2
DA:20,1
DA:25,1
DA:27,1
DA:37,1
DA:38,1
DA:44,9
DA:45,9
DA:46,1
DA:49,8
DA:50,8
DA:51,1
DA:54,7
DA:55,1
DA:58,6
DA:63,4
DA:64,4
DA:65,4
DA:67,4
DA:68,1
DA:69,1
DA:72,4
DA:73,2
DA:74,2
DA:77,4
DA:78,1
DA:79,1
DA:82,4
DA:83,1
DA:84,1
DA:85,1
DA:88,4
DA:93,1
DA:94,9
DA:95,9
DA:97,9
DA:98,9
DA:99,3
DA:102,6
DA:104,6
DA:109,5
DA:110,1
DA:114,4
DA:116,4
DA:117,1
DA:123,3
DA:124,3
DA:130,2
DA:135,2
DA:141,2
DA:142,1
DA:147,1
DA:148,1
DA:152,1
DA:153,1
LF:61
LH:61
BRDA:19,0,0,1
BRDA:19,0,1,1
BRDA:45,1,0,1
BRDA:45,1,1,8
BRDA:45,2,0,9
BRDA:45,2,1,3
BRDA:50,3,0,1
BRDA:50,3,1,7
BRDA:50,4,0,8
BRDA:50,4,1,2
BRDA:54,5,0,1
BRDA:54,5,1,6
BRDA:54,6,0,7
BRDA:54,6,1,3
BRDA:67,7,0,1
BRDA:67,7,1,3
BRDA:67,8,0,4
BRDA:67,8,1,2
BRDA:72,9,0,2
BRDA:72,9,1,2
BRDA:77,10,0,1
BRDA:77,10,1,3
BRDA:82,11,0,1
BRDA:82,11,1,3
BRDA:82,12,0,4
BRDA:82,12,1,2
BRDA:98,13,0,3
BRDA:98,13,1,6
BRDA:109,14,0,1
BRDA:109,14,1,4
BRDA:116,15,0,1
BRDA:116,15,1,3
BRDA:141,16,0,1
BRDA:141,16,1,1
BRDA:141,17,0,2
BRDA:141,17,1,1
BRF:36
BRH:36
end_of_record
